2023-10-21T14:25:40.0092372Z ##[group]Run # nosemgrep: generic.ci.security.use-frozen-lockfile.use-frozen-lockfile-pip
2023-10-21T14:25:40.0093745Z [36;1m# nosemgrep: generic.ci.security.use-frozen-lockfile.use-frozen-lockfile-pip[0m
2023-10-21T14:25:40.0094697Z [36;1mpip install -r requirements-poetry.txt[0m
2023-10-21T14:25:40.0095274Z [36;1mtools/poetry-ci-install.sh[0m
2023-10-21T14:25:40.0095754Z [36;1mpoetry run poe test \[0m
2023-10-21T14:25:40.0096203Z [36;1m  --splits 10 --group 6 \[0m
2023-10-21T14:25:40.0096713Z [36;1m  --store-durations \[0m
2023-10-21T14:25:40.0097263Z [36;1m  --durations-path engine-ci-test-durations \[0m
2023-10-21T14:25:40.0097925Z [36;1m  --splitting-algorithm=least_duration \[0m
2023-10-21T14:25:40.0098567Z [36;1m  --reruns 3 --only-rerun MissingEventTimeout[0m
2023-10-21T14:25:40.0154742Z shell: /usr/bin/bash -e {0}
2023-10-21T14:25:40.0155204Z env:
2023-10-21T14:25:40.0155889Z   pythonLocation: /opt/hostedtoolcache/Python/3.11.4/x64
2023-10-21T14:25:40.0156721Z   PKG_CONFIG_PATH: /opt/hostedtoolcache/Python/3.11.4/x64/lib/pkgconfig
2023-10-21T14:25:40.0157570Z   Python_ROOT_DIR: /opt/hostedtoolcache/Python/3.11.4/x64
2023-10-21T14:25:40.0158280Z   Python2_ROOT_DIR: /opt/hostedtoolcache/Python/3.11.4/x64
2023-10-21T14:25:40.0158985Z   Python3_ROOT_DIR: /opt/hostedtoolcache/Python/3.11.4/x64
2023-10-21T14:25:40.0159705Z   LD_LIBRARY_PATH: /opt/hostedtoolcache/Python/3.11.4/x64/lib
2023-10-21T14:25:40.0160273Z ##[endgroup]
2023-10-21T14:25:40.7309268Z Collecting poetry==1.6.1 (from -r requirements-poetry.txt (line 1))
2023-10-21T14:25:40.8221720Z   Downloading poetry-1.6.1-py3-none-any.whl.metadata (6.8 kB)
2023-10-21T14:25:40.8828843Z Collecting build<0.11.0,>=0.10.0 (from poetry==1.6.1->-r requirements-poetry.txt (line 1))
2023-10-21T14:25:40.8907188Z   Downloading build-0.10.0-py3-none-any.whl (17 kB)
2023-10-21T14:25:40.9307475Z Collecting cachecontrol<0.14.0,>=0.13.0 (from cachecontrol[filecache]<0.14.0,>=0.13.0->poetry==1.6.1->-r requirements-poetry.txt (line 1))
2023-10-21T14:25:40.9392809Z   Downloading cachecontrol-0.13.1-py3-none-any.whl.metadata (3.0 kB)
2023-10-21T14:25:40.9753867Z Collecting cleo<3.0.0,>=2.0.0 (from poetry==1.6.1->-r requirements-poetry.txt (line 1))
2023-10-21T14:25:40.9838095Z   Downloading cleo-2.0.1-py3-none-any.whl (77 kB)
2023-10-21T14:25:41.0093333Z      ━━━━━━━━━━━━━━━━━━━━━━━━━━━━━━━━━━━━━━━━ 77.3/77.3 kB 3.8 MB/s eta 0:00:00
2023-10-21T14:25:41.0308273Z Collecting crashtest<0.5.0,>=0.4.1 (from poetry==1.6.1->-r requirements-poetry.txt (line 1))
2023-10-21T14:25:41.0389172Z   Downloading crashtest-0.4.1-py3-none-any.whl (7.6 kB)
2023-10-21T14:25:41.1774643Z Collecting dulwich<0.22.0,>=0.21.2 (from poetry==1.6.1->-r requirements-poetry.txt (line 1))
2023-10-21T14:25:41.1855537Z   Downloading dulwich-0.21.6-cp311-cp311-manylinux_2_17_x86_64.manylinux2014_x86_64.whl.metadata (4.3 kB)
2023-10-21T14:25:41.2145044Z Collecting installer<0.8.0,>=0.7.0 (from poetry==1.6.1->-r requirements-poetry.txt (line 1))
2023-10-21T14:25:41.2245130Z   Downloading installer-0.7.0-py3-none-any.whl (453 kB)
2023-10-21T14:25:41.2785416Z      ━━━━━━━━━━━━━━━━━━━━━━━━━━━━━━━━━━━━━━━ 453.8/453.8 kB 8.6 MB/s eta 0:00:00
2023-10-21T14:25:41.3302547Z Collecting jsonschema<4.18.0,>=4.10.0 (from poetry==1.6.1->-r requirements-poetry.txt (line 1))
2023-10-21T14:25:41.3381075Z   Downloading jsonschema-4.17.3-py3-none-any.whl (90 kB)
2023-10-21T14:25:41.3486526Z      ━━━━━━━━━━━━━━━━━━━━━━━━━━━━━━━━━━━━━━━━ 90.4/90.4 kB 9.8 MB/s eta 0:00:00
2023-10-21T14:25:41.4137128Z Collecting keyring<25.0.0,>=24.0.0 (from poetry==1.6.1->-r requirements-poetry.txt (line 1))
2023-10-21T14:25:41.4218834Z   Downloading keyring-24.2.0-py3-none-any.whl.metadata (20 kB)
2023-10-21T14:25:41.4593013Z Collecting packaging>=20.4 (from poetry==1.6.1->-r requirements-poetry.txt (line 1))
2023-10-21T14:25:41.4682390Z   Downloading packaging-23.2-py3-none-any.whl.metadata (3.2 kB)
2023-10-21T14:25:41.4912735Z Collecting pexpect<5.0.0,>=4.7.0 (from poetry==1.6.1->-r requirements-poetry.txt (line 1))
2023-10-21T14:25:41.4992168Z   Downloading pexpect-4.8.0-py2.py3-none-any.whl (59 kB)
2023-10-21T14:25:41.5060037Z      ━━━━━━━━━━━━━━━━━━━━━━━━━━━━━━━━━━━━━━━━ 59.0/59.0 kB 10.9 MB/s eta 0:00:00
2023-10-21T14:25:41.5338859Z Collecting pkginfo<2.0.0,>=1.9.4 (from poetry==1.6.1->-r requirements-poetry.txt (line 1))
2023-10-21T14:25:41.5418123Z   Downloading pkginfo-1.9.6-py3-none-any.whl (30 kB)
2023-10-21T14:25:41.5773000Z Collecting platformdirs<4.0.0,>=3.0.0 (from poetry==1.6.1->-r requirements-poetry.txt (line 1))
2023-10-21T14:25:41.5853117Z   Downloading platformdirs-3.11.0-py3-none-any.whl.metadata (11 kB)
2023-10-21T14:25:41.6285811Z Collecting poetry-core==1.7.0 (from poetry==1.6.1->-r requirements-poetry.txt (line 1))
2023-10-21T14:25:41.6470121Z   Downloading poetry_core-1.7.0-py3-none-any.whl.metadata (3.4 kB)
2023-10-21T14:25:41.6743687Z Collecting poetry-plugin-export<2.0.0,>=1.5.0 (from poetry==1.6.1->-r requirements-poetry.txt (line 1))
2023-10-21T14:25:41.6826765Z   Downloading poetry_plugin_export-1.5.0-py3-none-any.whl.metadata (2.7 kB)
2023-10-21T14:25:41.7040380Z Collecting pyproject-hooks<2.0.0,>=1.0.0 (from poetry==1.6.1->-r requirements-poetry.txt (line 1))
2023-10-21T14:25:41.7125574Z   Downloading pyproject_hooks-1.0.0-py3-none-any.whl (9.3 kB)
2023-10-21T14:25:41.7606994Z Collecting requests<3.0,>=2.26 (from poetry==1.6.1->-r requirements-poetry.txt (line 1))
2023-10-21T14:25:41.7716779Z   Downloading requests-2.31.0-py3-none-any.whl.metadata (4.6 kB)
2023-10-21T14:25:41.7978540Z Collecting requests-toolbelt<2,>=0.9.1 (from poetry==1.6.1->-r requirements-poetry.txt (line 1))
2023-10-21T14:25:41.8054718Z   Downloading requests_toolbelt-1.0.0-py2.py3-none-any.whl (54 kB)
2023-10-21T14:25:41.8122803Z      ━━━━━━━━━━━━━━━━━━━━━━━━━━━━━━━━━━━━━━━━ 54.5/54.5 kB 9.9 MB/s eta 0:00:00
2023-10-21T14:25:41.8535355Z Collecting shellingham<2.0,>=1.5 (from poetry==1.6.1->-r requirements-poetry.txt (line 1))
2023-10-21T14:25:41.8614789Z   Downloading shellingham-1.5.3-py2.py3-none-any.whl.metadata (3.4 kB)
2023-10-21T14:25:41.9029785Z Collecting tomlkit<1.0.0,>=0.11.4 (from poetry==1.6.1->-r requirements-poetry.txt (line 1))
2023-10-21T14:25:41.9109389Z   Downloading tomlkit-0.12.1-py3-none-any.whl.metadata (2.7 kB)
2023-10-21T14:25:41.9473122Z Collecting trove-classifiers>=2022.5.19 (from poetry==1.6.1->-r requirements-poetry.txt (line 1))
2023-10-21T14:25:41.9658639Z   Downloading trove_classifiers-2023.10.18-py3-none-any.whl.metadata (2.2 kB)
2023-10-21T14:25:42.0700491Z Collecting virtualenv<21.0.0,>=20.22.0 (from poetry==1.6.1->-r requirements-poetry.txt (line 1))
2023-10-21T14:25:42.0777607Z   Downloading virtualenv-20.24.5-py3-none-any.whl.metadata (4.5 kB)
2023-10-21T14:25:42.2439688Z Collecting msgpack>=0.5.2 (from cachecontrol<0.14.0,>=0.13.0->cachecontrol[filecache]<0.14.0,>=0.13.0->poetry==1.6.1->-r requirements-poetry.txt (line 1))
2023-10-21T14:25:42.2520427Z   Downloading msgpack-1.0.7-cp311-cp311-manylinux_2_17_x86_64.manylinux2014_x86_64.whl.metadata (9.1 kB)
2023-10-21T14:25:42.3045151Z Collecting filelock>=3.8.0 (from cachecontrol[filecache]<0.14.0,>=0.13.0->poetry==1.6.1->-r requirements-poetry.txt (line 1))
2023-10-21T14:25:42.3124681Z   Downloading filelock-3.12.4-py3-none-any.whl.metadata (2.8 kB)
2023-10-21T14:25:42.8927041Z Collecting rapidfuzz<3.0.0,>=2.2.0 (from cleo<3.0.0,>=2.0.0->poetry==1.6.1->-r requirements-poetry.txt (line 1))
2023-10-21T14:25:42.9015806Z   Downloading rapidfuzz-2.15.2-cp311-cp311-manylinux_2_17_x86_64.manylinux2014_x86_64.whl.metadata (9.0 kB)
2023-10-21T14:25:42.9664972Z Collecting urllib3>=1.25 (from dulwich<0.22.0,>=0.21.2->poetry==1.6.1->-r requirements-poetry.txt (line 1))
2023-10-21T14:25:42.9743980Z   Downloading urllib3-2.0.7-py3-none-any.whl.metadata (6.6 kB)
2023-10-21T14:25:43.0295597Z Collecting attrs>=17.4.0 (from jsonschema<4.18.0,>=4.10.0->poetry==1.6.1->-r requirements-poetry.txt (line 1))
2023-10-21T14:25:43.0374752Z   Downloading attrs-23.1.0-py3-none-any.whl (61 kB)
2023-10-21T14:25:43.0441775Z      ━━━━━━━━━━━━━━━━━━━━━━━━━━━━━━━━━━━━━━━━ 61.2/61.2 kB 11.7 MB/s eta 0:00:00
2023-10-21T14:25:43.0848018Z Collecting pyrsistent!=0.17.0,!=0.17.1,!=0.17.2,>=0.14.0 (from jsonschema<4.18.0,>=4.10.0->poetry==1.6.1->-r requirements-poetry.txt (line 1))
2023-10-21T14:25:43.0925566Z   Downloading pyrsistent-0.19.3-py3-none-any.whl (57 kB)
2023-10-21T14:25:43.0984152Z      ━━━━━━━━━━━━━━━━━━━━━━━━━━━━━━━━━━━━━━━━ 57.5/57.5 kB 13.1 MB/s eta 0:00:00
2023-10-21T14:25:43.1936206Z Collecting jaraco.classes (from keyring<25.0.0,>=24.0.0->poetry==1.6.1->-r requirements-poetry.txt (line 1))
2023-10-21T14:25:43.2013014Z   Downloading jaraco.classes-3.3.0-py3-none-any.whl.metadata (2.9 kB)
2023-10-21T14:25:43.2765074Z Collecting importlib-metadata>=4.11.4 (from keyring<25.0.0,>=24.0.0->poetry==1.6.1->-r requirements-poetry.txt (line 1))
2023-10-21T14:25:43.2844831Z   Downloading importlib_metadata-6.8.0-py3-none-any.whl.metadata (5.1 kB)
2023-10-21T14:25:43.3102676Z Collecting SecretStorage>=3.2 (from keyring<25.0.0,>=24.0.0->poetry==1.6.1->-r requirements-poetry.txt (line 1))
2023-10-21T14:25:43.3190962Z   Downloading SecretStorage-3.3.3-py3-none-any.whl (15 kB)
2023-10-21T14:25:43.3498777Z Collecting jeepney>=0.4.2 (from keyring<25.0.0,>=24.0.0->poetry==1.6.1->-r requirements-poetry.txt (line 1))
2023-10-21T14:25:43.3579995Z   Downloading jeepney-0.8.0-py3-none-any.whl (48 kB)
2023-10-21T14:25:43.3634991Z      ━━━━━━━━━━━━━━━━━━━━━━━━━━━━━━━━━━━━━━━━ 48.4/48.4 kB 12.8 MB/s eta 0:00:00
2023-10-21T14:25:43.3888101Z Collecting ptyprocess>=0.5 (from pexpect<5.0.0,>=4.7.0->poetry==1.6.1->-r requirements-poetry.txt (line 1))
2023-10-21T14:25:43.4071166Z   Downloading ptyprocess-0.7.0-py2.py3-none-any.whl (13 kB)
2023-10-21T14:25:43.5327666Z Collecting charset-normalizer<4,>=2 (from requests<3.0,>=2.26->poetry==1.6.1->-r requirements-poetry.txt (line 1))
2023-10-21T14:25:43.5408637Z   Downloading charset_normalizer-3.3.0-cp311-cp311-manylinux_2_17_x86_64.manylinux2014_x86_64.whl.metadata (32 kB)
2023-10-21T14:25:43.5739130Z Collecting idna<4,>=2.5 (from requests<3.0,>=2.26->poetry==1.6.1->-r requirements-poetry.txt (line 1))
2023-10-21T14:25:43.5817751Z   Downloading idna-3.4-py3-none-any.whl (61 kB)
2023-10-21T14:25:43.5885979Z      ━━━━━━━━━━━━━━━━━━━━━━━━━━━━━━━━━━━━━━━━ 61.5/61.5 kB 11.4 MB/s eta 0:00:00
2023-10-21T14:25:43.6310998Z Collecting certifi>=2017.4.17 (from requests<3.0,>=2.26->poetry==1.6.1->-r requirements-poetry.txt (line 1))
2023-10-21T14:25:43.6390932Z   Downloading certifi-2023.7.22-py3-none-any.whl.metadata (2.2 kB)
2023-10-21T14:25:43.7182107Z Collecting distlib<1,>=0.3.7 (from virtualenv<21.0.0,>=20.22.0->poetry==1.6.1->-r requirements-poetry.txt (line 1))
2023-10-21T14:25:43.7276294Z   Downloading distlib-0.3.7-py2.py3-none-any.whl.metadata (5.1 kB)
2023-10-21T14:25:43.8588378Z Collecting zipp>=0.5 (from importlib-metadata>=4.11.4->keyring<25.0.0,>=24.0.0->poetry==1.6.1->-r requirements-poetry.txt (line 1))
2023-10-21T14:25:43.8675506Z   Downloading zipp-3.17.0-py3-none-any.whl.metadata (3.7 kB)
2023-10-21T14:25:44.1066542Z Collecting cryptography>=2.0 (from SecretStorage>=3.2->keyring<25.0.0,>=24.0.0->poetry==1.6.1->-r requirements-poetry.txt (line 1))
2023-10-21T14:25:44.1151109Z   Downloading cryptography-41.0.4-cp37-abi3-manylinux_2_28_x86_64.whl.metadata (5.2 kB)
2023-10-21T14:25:44.1924179Z Collecting more-itertools (from jaraco.classes->keyring<25.0.0,>=24.0.0->poetry==1.6.1->-r requirements-poetry.txt (line 1))
2023-10-21T14:25:44.2005233Z   Downloading more_itertools-10.1.0-py3-none-any.whl.metadata (33 kB)
2023-10-21T14:25:44.3489136Z Collecting cffi>=1.12 (from cryptography>=2.0->SecretStorage>=3.2->keyring<25.0.0,>=24.0.0->poetry==1.6.1->-r requirements-poetry.txt (line 1))
2023-10-21T14:25:44.5669256Z   Downloading cffi-1.16.0-cp311-cp311-manylinux_2_17_x86_64.manylinux2014_x86_64.whl.metadata (1.5 kB)
2023-10-21T14:25:44.6867249Z Collecting pycparser (from cffi>=1.12->cryptography>=2.0->SecretStorage>=3.2->keyring<25.0.0,>=24.0.0->poetry==1.6.1->-r requirements-poetry.txt (line 1))
2023-10-21T14:25:44.7158786Z   Downloading pycparser-2.21-py2.py3-none-any.whl (118 kB)
2023-10-21T14:25:44.7351946Z      ━━━━━━━━━━━━━━━━━━━━━━━━━━━━━━━━━━━━━━━ 118.7/118.7 kB 6.5 MB/s eta 0:00:00
2023-10-21T14:25:44.7630324Z Downloading poetry-1.6.1-py3-none-any.whl (232 kB)
2023-10-21T14:25:44.7827087Z    ━━━━━━━━━━━━━━━━━━━━━━━━━━━━━━━━━━━━━━━━ 232.8/232.8 kB 13.1 MB/s eta 0:00:00
2023-10-21T14:25:44.7940262Z Downloading poetry_core-1.7.0-py3-none-any.whl (426 kB)
2023-10-21T14:25:44.8233985Z    ━━━━━━━━━━━━━━━━━━━━━━━━━━━━━━━━━━━━━━━━ 426.4/426.4 kB 15.7 MB/s eta 0:00:00
2023-10-21T14:25:44.8313316Z Downloading cachecontrol-0.13.1-py3-none-any.whl (22 kB)
2023-10-21T14:25:44.8435558Z Downloading dulwich-0.21.6-cp311-cp311-manylinux_2_17_x86_64.manylinux2014_x86_64.whl (513 kB)
2023-10-21T14:25:44.8733587Z    ━━━━━━━━━━━━━━━━━━━━━━━━━━━━━━━━━━━━━━━━ 513.8/513.8 kB 18.7 MB/s eta 0:00:00
2023-10-21T14:25:44.8814810Z Downloading keyring-24.2.0-py3-none-any.whl (37 kB)
2023-10-21T14:25:44.8926383Z Downloading packaging-23.2-py3-none-any.whl (53 kB)
2023-10-21T14:25:44.8976721Z    ━━━━━━━━━━━━━━━━━━━━━━━━━━━━━━━━━━━━━━━━ 53.0/53.0 kB 16.2 MB/s eta 0:00:00
2023-10-21T14:25:44.9056240Z Downloading platformdirs-3.11.0-py3-none-any.whl (17 kB)
2023-10-21T14:25:44.9159279Z Downloading poetry_plugin_export-1.5.0-py3-none-any.whl (10 kB)
2023-10-21T14:25:44.9287909Z Downloading requests-2.31.0-py3-none-any.whl (62 kB)
2023-10-21T14:25:44.9337422Z    ━━━━━━━━━━━━━━━━━━━━━━━━━━━━━━━━━━━━━━━━ 62.6/62.6 kB 20.0 MB/s eta 0:00:00
2023-10-21T14:25:44.9419362Z Downloading shellingham-1.5.3-py2.py3-none-any.whl (9.7 kB)
2023-10-21T14:25:44.9518223Z Downloading tomlkit-0.12.1-py3-none-any.whl (37 kB)
2023-10-21T14:25:44.9619856Z Downloading trove_classifiers-2023.10.18-py3-none-any.whl (13 kB)
2023-10-21T14:25:44.9766692Z Downloading virtualenv-20.24.5-py3-none-any.whl (3.7 MB)
2023-10-21T14:25:45.1138919Z    ━━━━━━━━━━━━━━━━━━━━━━━━━━━━━━━━━━━━━━━━ 3.7/3.7 MB 27.8 MB/s eta 0:00:00
2023-10-21T14:25:45.1229548Z Downloading certifi-2023.7.22-py3-none-any.whl (158 kB)
2023-10-21T14:25:45.1288057Z    ━━━━━━━━━━━━━━━━━━━━━━━━━━━━━━━━━━━━━━━━ 158.3/158.3 kB 42.0 MB/s eta 0:00:00
2023-10-21T14:25:45.1377334Z Downloading charset_normalizer-3.3.0-cp311-cp311-manylinux_2_17_x86_64.manylinux2014_x86_64.whl (137 kB)
2023-10-21T14:25:45.1431622Z    ━━━━━━━━━━━━━━━━━━━━━━━━━━━━━━━━━━━━━━━━ 137.1/137.1 kB 38.8 MB/s eta 0:00:00
2023-10-21T14:25:45.1530109Z Downloading distlib-0.3.7-py2.py3-none-any.whl (468 kB)
2023-10-21T14:25:45.1655392Z    ━━━━━━━━━━━━━━━━━━━━━━━━━━━━━━━━━━━━━━━━ 468.9/468.9 kB 45.0 MB/s eta 0:00:00
2023-10-21T14:25:45.1735400Z Downloading filelock-3.12.4-py3-none-any.whl (11 kB)
2023-10-21T14:25:45.1957819Z Downloading importlib_metadata-6.8.0-py3-none-any.whl (22 kB)
2023-10-21T14:25:45.2083226Z Downloading msgpack-1.0.7-cp311-cp311-manylinux_2_17_x86_64.manylinux2014_x86_64.whl (557 kB)
2023-10-21T14:25:45.2221895Z    ━━━━━━━━━━━━━━━━━━━━━━━━━━━━━━━━━━━━━━━━ 558.0/558.0 kB 48.8 MB/s eta 0:00:00
2023-10-21T14:25:45.2554557Z Downloading rapidfuzz-2.15.2-cp311-cp311-manylinux_2_17_x86_64.manylinux2014_x86_64.whl (3.0 MB)
2023-10-21T14:25:45.3141376Z    ━━━━━━━━━━━━━━━━━━━━━━━━━━━━━━━━━━━━━━━━ 3.0/3.0 MB 54.2 MB/s eta 0:00:00
2023-10-21T14:25:45.3227030Z Downloading urllib3-2.0.7-py3-none-any.whl (124 kB)
2023-10-21T14:25:45.3283277Z    ━━━━━━━━━━━━━━━━━━━━━━━━━━━━━━━━━━━━━━━━ 124.2/124.2 kB 35.0 MB/s eta 0:00:00
2023-10-21T14:25:45.3364431Z Downloading jaraco.classes-3.3.0-py3-none-any.whl (5.9 kB)
2023-10-21T14:25:45.3473430Z Downloading cryptography-41.0.4-cp37-abi3-manylinux_2_28_x86_64.whl (4.4 MB)
2023-10-21T14:25:45.4018674Z    ━━━━━━━━━━━━━━━━━━━━━━━━━━━━━━━━━━━━━━━━ 4.4/4.4 MB 84.5 MB/s eta 0:00:00
2023-10-21T14:25:45.4101669Z Downloading zipp-3.17.0-py3-none-any.whl (7.4 kB)
2023-10-21T14:25:45.4198730Z Downloading more_itertools-10.1.0-py3-none-any.whl (55 kB)
2023-10-21T14:25:45.4248113Z    ━━━━━━━━━━━━━━━━━━━━━━━━━━━━━━━━━━━━━━━━ 55.8/55.8 kB 16.2 MB/s eta 0:00:00
2023-10-21T14:25:45.4331718Z Downloading cffi-1.16.0-cp311-cp311-manylinux_2_17_x86_64.manylinux2014_x86_64.whl (464 kB)
2023-10-21T14:25:45.4411053Z    ━━━━━━━━━━━━━━━━━━━━━━━━━━━━━━━━━━━━━━━━ 464.8/464.8 kB 77.6 MB/s eta 0:00:00
2023-10-21T14:25:45.8396823Z Installing collected packages: trove-classifiers, ptyprocess, distlib, zipp, urllib3, tomlkit, shellingham, rapidfuzz, pyrsistent, pyproject-hooks, pycparser, poetry-core, platformdirs, pkginfo, pexpect, packaging, msgpack, more-itertools, jeepney, installer, idna, filelock, crashtest, charset-normalizer, certifi, attrs, virtualenv, requests, jsonschema, jaraco.classes, importlib-metadata, dulwich, cleo, cffi, build, requests-toolbelt, cryptography, cachecontrol, SecretStorage, keyring, poetry-plugin-export, poetry
2023-10-21T14:25:48.7742805Z Successfully installed SecretStorage-3.3.3 attrs-23.1.0 build-0.10.0 cachecontrol-0.13.1 certifi-2023.7.22 cffi-1.16.0 charset-normalizer-3.3.0 cleo-2.0.1 crashtest-0.4.1 cryptography-41.0.4 distlib-0.3.7 dulwich-0.21.6 filelock-3.12.4 idna-3.4 importlib-metadata-6.8.0 installer-0.7.0 jaraco.classes-3.3.0 jeepney-0.8.0 jsonschema-4.17.3 keyring-24.2.0 more-itertools-10.1.0 msgpack-1.0.7 packaging-23.2 pexpect-4.8.0 pkginfo-1.9.6 platformdirs-3.11.0 poetry-1.6.1 poetry-core-1.7.0 poetry-plugin-export-1.5.0 ptyprocess-0.7.0 pycparser-2.21 pyproject-hooks-1.0.0 pyrsistent-0.19.3 rapidfuzz-2.15.2 requests-2.31.0 requests-toolbelt-1.0.0 shellingham-1.5.3 tomlkit-0.12.1 trove-classifiers-2023.10.18 urllib3-2.0.7 virtualenv-20.24.5 zipp-3.17.0
2023-10-21T14:25:49.6762440Z Creating virtualenv mergify-engine-cHHEL7M--py3.11 in /home/runner/.cache/pypoetry/virtualenvs
2023-10-21T14:25:50.1425245Z Installing dependencies from lock file
2023-10-21T14:25:50.9102278Z 
2023-10-21T14:25:50.9104057Z Package operations: 177 installs, 0 updates, 0 removals
2023-10-21T14:25:50.9105163Z 
2023-10-21T14:25:50.9108848Z   • Installing pyasn1 (0.5.0)
2023-10-21T14:25:51.2945742Z   • Installing attrs (23.1.0)
2023-10-21T14:25:51.2958335Z   • Installing cachetools (5.3.1)
2023-10-21T14:25:51.2977947Z   • Installing certifi (2023.7.22)
2023-10-21T14:25:51.2997179Z   • Installing charset-normalizer (3.3.0)
2023-10-21T14:25:51.3013991Z   • Installing idna (3.4)
2023-10-21T14:25:51.3028877Z   • Installing protobuf (4.24.4)
2023-10-21T14:25:51.3373892Z   • Installing pyasn1-modules (0.3.0)
2023-10-21T14:25:51.4083345Z   • Installing pycparser (2.21)
2023-10-21T14:25:51.4843173Z   • Installing rpds-py (0.10.6)
2023-10-21T14:25:51.6621737Z   • Installing rsa (4.9)
2023-10-21T14:25:51.6954533Z   • Installing sniffio (1.3.0)
2023-10-21T14:25:51.7177937Z   • Installing typing-extensions (4.8.0)
2023-10-21T14:25:51.7292059Z   • Installing urllib3 (1.26.18)
2023-10-21T14:25:51.9344478Z   • Installing annotated-types (0.6.0)
2023-10-21T14:25:51.9362835Z   • Installing boltons (21.0.0)
2023-10-21T14:25:51.9375156Z   • Installing anyio (3.7.1)
2023-10-21T14:25:51.9375987Z   • Installing cffi (1.16.0)
2023-10-21T14:25:51.9384655Z   • Installing google-auth (2.23.3)
2023-10-21T14:25:51.9407342Z   • Installing googleapis-common-protos (1.61.0)
2023-10-21T14:25:52.0050957Z   • Installing h11 (0.14.0)
2023-10-21T14:25:52.0114305Z   • Installing markupsafe (2.1.3)
2023-10-21T14:25:52.0179537Z   • Installing mdurl (0.1.2)
2023-10-21T14:25:52.0618629Z   • Installing pydantic-core (2.10.1)
2023-10-21T14:25:52.0753330Z   • Installing referencing (0.30.2)
2023-10-21T14:25:52.0830326Z   • Installing requests (2.31.0)
2023-10-21T14:25:52.1129504Z   • Installing wrapt (1.15.0)
2023-10-21T14:25:52.1350199Z   • Installing zipp (3.17.0)
2023-10-21T14:25:52.3018039Z   • Installing alabaster (0.7.13)
2023-10-21T14:25:52.3034943Z   • Installing babel (2.13.0)
2023-10-21T14:25:52.3051619Z   • Installing bracex (2.4)
2023-10-21T14:25:52.3062900Z   • Installing cryptography (41.0.4)
2023-10-21T14:25:52.3077882Z   • Installing deprecated (1.2.14)
2023-10-21T14:25:52.3078783Z   • Installing click (8.1.7)
2023-10-21T14:25:52.3687702Z   • Installing docutils (0.20.1)
2023-10-21T14:25:52.3759970Z   • Installing face (22.0.0)
2023-10-21T14:25:52.3812441Z   • Installing google-api-core (2.12.0)
2023-10-21T14:25:52.3973977Z   • Installing google-crc32c (1.5.0)
2023-10-21T14:25:52.4397747Z   • Installing hpack (4.0.0)
2023-10-21T14:25:52.4740482Z   • Installing httpcore (0.18.0)
2023-10-21T14:25:52.5173374Z   • Installing hyperframe (6.0.1)
2023-10-21T14:25:52.5680405Z   • Installing imagesize (1.4.1)
2023-10-21T14:25:52.5803238Z   • Installing importlib-metadata (6.8.0)
2023-10-21T14:25:52.5875679Z   • Installing iniconfig (2.0.0)
2023-10-21T14:25:52.6143551Z   • Installing jinja2 (3.1.2)
2023-10-21T14:25:52.6378928Z   • Installing jsonschema-specifications (2023.7.1)
2023-10-21T14:25:52.6623454Z   • Installing mako (1.2.4)
2023-10-21T14:25:52.7330082Z   • Installing markdown-it-py (3.0.0)
2023-10-21T14:25:52.7369415Z   • Installing multidict (6.0.4)
2023-10-21T14:25:52.7945507Z   • Installing packaging (23.2)
2023-10-21T14:25:52.8387520Z   • Installing pluggy (1.3.0)
2023-10-21T14:25:52.8553429Z   • Installing pydantic (2.4.2)
2023-10-21T14:25:52.8829127Z   • Installing pygments (2.16.1)
2023-10-21T14:25:52.9135209Z   • Installing ruamel-yaml-clib (0.2.8)
2023-10-21T14:25:52.9177233Z   • Installing six (1.16.0)
2023-10-21T14:25:52.9721826Z   • Installing snowballstemmer (2.2.0)
2023-10-21T14:25:53.0729683Z   • Installing soupsieve (2.5)
2023-10-21T14:25:53.0772011Z   • Installing sphinxcontrib-applehelp (1.0.7)
2023-10-21T14:25:53.0906576Z   • Installing sphinxcontrib-devhelp (1.0.5)
2023-10-21T14:25:53.1684617Z   • Installing sphinxcontrib-htmlhelp (2.0.4)
2023-10-21T14:25:53.2220242Z   • Installing sphinxcontrib-jsmath (1.0.1)
2023-10-21T14:25:53.2641230Z   • Installing sphinxcontrib-qthelp (1.0.6)
2023-10-21T14:25:53.3311151Z   • Installing sphinxcontrib-serializinghtml (1.1.9)
2023-10-21T14:25:53.4081342Z   • Installing sqlalchemy (2.0.22)
2023-10-21T14:25:53.4872768Z   • Installing starlette (0.27.0)
2023-10-21T14:25:53.5008935Z   • Installing ujson (5.8.0)
2023-10-21T14:25:54.0428964Z   • Installing alembic (1.12.0)
2023-10-21T14:25:54.0439722Z   • Installing beautifulsoup4 (4.12.2)
2023-10-21T14:25:54.0453200Z   • Installing bytecode (0.15.1)
2023-10-21T14:25:54.0465637Z   • Installing cattrs (23.1.2)
2023-10-21T14:25:54.0485977Z   • Installing click-option-group (0.5.6)
2023-10-21T14:25:54.0499419Z   • Installing colorama (0.4.6)
2023-10-21T14:25:54.0936218Z   • Installing coverage (7.3.2)
2023-10-21T14:25:54.1201369Z   • Installing ddsketch (2.0.4)
2023-10-21T14:25:54.1220577Z   • Installing defusedxml (0.7.1)
2023-10-21T14:25:54.1469792Z   • Installing dulwich (0.21.6)
2023-10-21T14:25:54.1808289Z   • Installing envier (0.4.0)
2023-10-21T14:25:54.1935124Z   • Installing execnet (2.0.2)
2023-10-21T14:25:54.2330343Z   • Installing fastapi (0.104.0)
2023-10-21T14:25:54.2482327Z   • Installing flupy (1.2.0)
2023-10-21T14:25:54.2590450Z   • Installing glom (22.1.0)
2023-10-21T14:25:54.2832106Z   • Installing google-cloud-core (2.3.3)
2023-10-21T14:25:54.3336784Z   • Installing google-resumable-media (2.6.0)
2023-10-21T14:25:54.3449225Z   • Installing greenlet (3.0.0)
2023-10-21T14:25:54.3808379Z   • Installing h2 (4.1.0)
2023-10-21T14:25:54.4132936Z   • Installing httptools (0.6.1)
2023-10-21T14:25:54.4407335Z   • Installing httpx (0.25.0)
2023-10-21T14:25:54.4674099Z   • Installing itsdangerous (2.1.2)
2023-10-21T14:25:54.4945848Z   • Installing jsonschema (4.19.1)
2023-10-21T14:25:54.5232663Z   • Installing mypy-extensions (1.0.0)
2023-10-21T14:25:54.5562832Z   • Installing numpy (1.26.1)
2023-10-21T14:25:54.5624001Z   • Installing opentelemetry-api (1.20.0)
2023-10-21T14:25:54.5808482Z   • Installing ordered-set (4.1.0)
2023-10-21T14:25:54.5944857Z   • Installing parse (1.19.1)
2023-10-21T14:25:54.6104991Z   • Installing passlib (1.7.4)
2023-10-21T14:25:54.6308973Z   • Installing pastel (0.2.1)
2023-10-21T14:25:54.6423969Z   • Installing pathspec (0.11.2)
2023-10-21T14:25:54.6616457Z   • Installing pbr (5.11.1)
2023-10-21T14:25:54.6902210Z   • Installing peewee (3.17.0)
2023-10-21T14:25:54.7708327Z   • Installing platformdirs (3.11.0)
2023-10-21T14:25:54.8500638Z   • Installing psycopg (3.1.12)
2023-10-21T14:25:54.9433006Z   • Installing psycopg-binary (3.1.12)
2023-10-21T14:25:54.9823321Z   • Installing pyenchant (3.2.2)
2023-10-21T14:25:55.0740232Z   • Installing pytest (7.4.2)
2023-10-21T14:25:55.0770965Z   • Installing python-dotenv (1.0.0)
2023-10-21T14:25:55.1235191Z   • Installing python-json-logger (2.0.7)
2023-10-21T14:25:55.1682398Z   • Installing python-lsp-jsonrpc (1.0.0)
2023-10-21T14:25:55.2077596Z   • Installing pyyaml (6.0.1)
2023-10-21T14:25:55.3589175Z   • Installing regex (2023.10.3)
2023-10-21T14:25:55.4768294Z   • Installing rich (13.6.0)
2023-10-21T14:25:55.5828910Z   • Installing ruamel-yaml (0.17.39)
2023-10-21T14:25:55.6402847Z   • Installing setproctitle (1.3.3)
2023-10-21T14:25:55.6822812Z   • Installing sphinx (7.2.6)
2023-10-21T14:25:55.6983116Z   • Installing tomli (2.0.1)
2023-10-21T14:25:55.7246213Z   • Installing types-pyopenssl (23.2.0.2)
2023-10-21T14:25:55.7820815Z   • Installing uvloop (0.18.0)
2023-10-21T14:25:55.7854861Z   • Installing watchfiles (0.21.0)
2023-10-21T14:25:56.2104738Z   • Installing wcmatch (8.5)
2023-10-21T14:25:56.2951371Z   • Installing websockets (11.0.3)
2023-10-21T14:25:56.5412977Z   • Installing xmltodict (0.13.0)
2023-10-21T14:25:56.5979240Z   • Installing yarl (1.9.2)
2023-10-21T14:26:06.7491454Z   • Installing aiofiles (23.2.1)
2023-10-21T14:26:06.7506366Z   • Installing alembic-utils (0.8.1)
2023-10-21T14:26:06.7522205Z   • Installing anys (0.3.0)
2023-10-21T14:26:06.7532770Z   • Installing asgi-lifespan (2.1.0)
2023-10-21T14:26:06.7545796Z   • Installing authlib (1.2.1)
2023-10-21T14:26:06.7560129Z   • Installing black (23.10.0)
2023-10-21T14:26:06.8064847Z   • Installing daiquiri (3.2.3)
2023-10-21T14:26:06.8141287Z   • Installing datadog (0.47.0)
2023-10-21T14:26:06.8352674Z   • Installing ddtrace (1.20.2)
2023-10-21T14:26:06.8896822Z   • Installing deepdiff (6.6.1)
2023-10-21T14:26:06.9768138Z   • Installing filelock (3.12.4)
2023-10-21T14:26:07.0278668Z   • Installing first (2.0.2)
2023-10-21T14:26:07.0359287Z   • Installing google-cloud-storage (2.12.0)
2023-10-21T14:26:07.0967569Z   • Installing graphql-utils (0.4)
2023-10-21T14:26:07.1470699Z   • Installing gunicorn (21.2.0)
2023-10-21T14:26:07.1540565Z   • Installing hiredis (2.2.3)
2023-10-21T14:26:07.1661467Z   • Installing honcho (1.1.0)
2023-10-21T14:26:07.2446678Z   • Installing imia (0.5.3)
2023-10-21T14:26:07.2914757Z   • Installing markdownify (0.11.6)
2023-10-21T14:26:07.3091106Z   • Installing msgpack (1.0.7)
2023-10-21T14:26:07.3406185Z   • Installing mypy (1.6.1)
2023-10-21T14:26:07.3858348Z   • Installing pgvector (0.2.3)
2023-10-21T14:26:07.4373096Z   • Installing poethepoet (0.24.1)
2023-10-21T14:26:07.4936085Z   • Installing pydantic-settings (2.0.3)
2023-10-21T14:26:07.5336497Z   • Installing pyjwt (2.8.0)
2023-10-21T14:26:07.5492929Z   • Installing pytest-asyncio (0.21.1)
2023-10-21T14:26:07.5704884Z   • Installing pytest-cov (4.1.0)
2023-10-21T14:26:07.6115033Z   • Installing pytest-flakefinder (1.1.0)
2023-10-21T14:26:07.6173192Z   • Installing pytest-github-actions-annotate-failures (0.2.0)
2023-10-21T14:26:07.6223123Z   • Installing pytest-rerunfailures (12.0)
2023-10-21T14:26:07.6550012Z   • Installing pytest-split (0.8.1)
2023-10-21T14:26:07.6613651Z   • Installing pytest-timeout (2.2.0)
2023-10-21T14:26:07.6810257Z   • Installing pytest-xdist (3.3.1)
2023-10-21T14:26:07.7069898Z   • Installing python-multipart (0.0.6)
2023-10-21T14:26:07.7145864Z   • Installing redis (5.0.0)
2023-10-21T14:26:07.8083676Z   • Installing reno (4.0.0)
2023-10-21T14:26:07.8421105Z   • Installing respx (0.20.2)
2023-10-21T14:26:07.8929145Z   • Installing ruff (0.1.1)
2023-10-21T14:26:07.8971666Z   • Installing semgrep (1.45.0)
2023-10-21T14:26:07.9458554Z   • Installing sentry-sdk (1.32.0)
2023-10-21T14:26:08.2035906Z   • Installing sphinxcontrib-jquery (4.1)
2023-10-21T14:26:08.2594512Z   • Installing sphinxcontrib-spelling (8.0.0)
2023-10-21T14:26:08.3689210Z   • Installing sqlalchemy-utils (0.41.1)
2023-10-21T14:26:08.5073197Z   • Installing starsessions (2.1.3)
2023-10-21T14:26:08.5680092Z   • Installing tenacity (8.2.3)
2023-10-21T14:26:08.6328944Z   • Installing tiktoken (0.5.1)
2023-10-21T14:26:08.8842499Z   • Installing types-first (2.0.5.2)
2023-10-21T14:26:08.9376090Z   • Installing types-pkg-resources (0.1.3)
2023-10-21T14:26:08.9811986Z   • Installing types-python-dateutil (2.8.19.14)
2023-10-21T14:26:08.9859233Z   • Installing types-pyyaml (6.0.12.12)
2023-10-21T14:26:09.0298615Z   • Installing types-redis (4.6.0.7)
2023-10-21T14:26:09.0529698Z   • Installing unidecode (1.3.7)
2023-10-21T14:26:09.0580180Z   • Installing uvicorn (0.23.2)
2023-10-21T14:26:09.1676583Z   • Installing vcrpy (5.1.0)
2023-10-21T14:26:09.1733149Z   • Installing voluptuous (0.13.1)
2023-10-21T14:26:09.2348866Z   • Installing yamllint (1.32.0)
2023-10-21T14:26:10.8166965Z 
2023-10-21T14:26:10.8168130Z Installing the current project: mergify_engine (0.0.0)
2023-10-21T14:26:11.5468356Z Poe => ./tools/poetry-ci-install.sh
2023-10-21T14:26:12.3941455Z Installing dependencies from lock file
2023-10-21T14:26:13.1845995Z 
2023-10-21T14:26:13.1847138Z No dependencies to install or update
2023-10-21T14:26:13.2011520Z 
2023-10-21T14:26:13.2012830Z Installing the current project: mergify_engine (0.0.0)
2023-10-21T14:26:13.3196115Z Poe => ./tools/run-tests.sh pytest -v --timeout_method thread --reruns 3 --only-rerun MissingEventTimeout --splits 10 --group 6 --store-durations --durations-path engine-ci-test-durations --splitting-algorithm=least_duration --reruns 3 --only-rerun MissingEventTimeout
2023-10-21T14:26:13.7611493Z + PYTHON_EXTRACT_DOCKER_PORT='
2023-10-21T14:26:13.7612670Z import json, sys
2023-10-21T14:26:13.7613477Z data = json.load(sys.stdin)
2023-10-21T14:26:13.7614552Z if isinstance(data, list):
2023-10-21T14:26:13.7615386Z     publishers = data[0]['\''Publishers'\'']
2023-10-21T14:26:13.7615889Z else:
2023-10-21T14:26:13.7616282Z     publishers = data['\''Publishers'\'']
2023-10-21T14:26:13.7616645Z 
2023-10-21T14:26:13.7616781Z for pub in publishers:
2023-10-21T14:26:13.7617252Z     if pub['\''PublishedPort'\''] > 0:
2023-10-21T14:26:13.7618213Z         print(pub['\''PublishedPort'\''])
2023-10-21T14:26:13.7618847Z         sys.exit(0)
2023-10-21T14:26:13.7619077Z 
2023-10-21T14:26:13.7619192Z sys.exit(1)
2023-10-21T14:26:13.7619497Z '
2023-10-21T14:26:13.7620013Z + '[' true == true ']'
2023-10-21T14:26:13.7620403Z + REDIS_PORT=6363
2023-10-21T14:26:13.7620767Z + POSTGRES_PORT=5432
2023-10-21T14:26:13.7621157Z + GOOGLE_CLOUD_STORAGE_PORT=8000
2023-10-21T14:26:13.7751452Z + export MERGIFYENGINE_DATABASE_URL=***localhost:5432/postgres
2023-10-21T14:26:13.7752756Z + MERGIFYENGINE_DATABASE_URL=***localhost:5432/postgres
2023-10-21T14:26:13.7753545Z + export MERGIFYENGINE_DEFAULT_REDIS_URL=redis://localhost:6363
2023-10-21T14:26:13.7754319Z + MERGIFYENGINE_DEFAULT_REDIS_URL=redis://localhost:6363
2023-10-21T14:26:13.7755158Z ++ pwgen -1 48
2023-10-21T14:26:13.7755907Z ./tools/run-tests.sh: line 48: pwgen: command not found
2023-10-21T14:26:13.7756626Z + export MERGIFYENGINE_DATABASE_OAUTH_TOKEN_SECRET_CURRENT=
2023-10-21T14:26:13.7757357Z + MERGIFYENGINE_DATABASE_OAUTH_TOKEN_SECRET_CURRENT=
2023-10-21T14:26:13.7758037Z + export STORAGE_EMULATOR_HOST=http://localhost:8000
2023-10-21T14:26:13.7758672Z + STORAGE_EMULATOR_HOST=http://localhost:8000
2023-10-21T14:26:13.7759503Z + docker run --net host --rm redis redis-cli -h localhost -p 6363 keys '*'
2023-10-21T14:26:15.6800179Z 
2023-10-21T14:26:15.7145550Z + docker run --net host --rm postgres psql ***localhost:5432/postgres -c 'select 1 as connected'
2023-10-21T14:26:15.7296327Z Unable to find image 'postgres:latest' locally
2023-10-21T14:26:16.0034417Z latest: Pulling from library/postgres
2023-10-21T14:26:16.0852503Z a378f10b3218: Already exists
2023-10-21T14:26:16.0866260Z 2ebc5690e391: Pulling fs layer
2023-10-21T14:26:16.0876078Z 8fe57f734687: Pulling fs layer
2023-10-21T14:26:16.0876656Z a2ddbb09cd9a: Pulling fs layer
2023-10-21T14:26:16.0877104Z 5a2499e87ab8: Pulling fs layer
2023-10-21T14:26:16.0877523Z a45f5c4adf1b: Pulling fs layer
2023-10-21T14:26:16.0877955Z 178017fd978e: Pulling fs layer
2023-10-21T14:26:16.0878428Z 428dff1cb77d: Pulling fs layer
2023-10-21T14:26:16.0878837Z 4667364adfc4: Pulling fs layer
2023-10-21T14:26:16.0879262Z 4eea1f5281a9: Pulling fs layer
2023-10-21T14:26:16.0879683Z 369467411787: Pulling fs layer
2023-10-21T14:26:16.0880083Z 51184495a2bc: Pulling fs layer
2023-10-21T14:26:16.0880505Z d3e246f01410: Pulling fs layer
2023-10-21T14:26:16.0880913Z 428dff1cb77d: Waiting
2023-10-21T14:26:16.0881257Z 4667364adfc4: Waiting
2023-10-21T14:26:16.0881611Z 4eea1f5281a9: Waiting
2023-10-21T14:26:16.0881955Z 369467411787: Waiting
2023-10-21T14:26:16.0882288Z 51184495a2bc: Waiting
2023-10-21T14:26:16.0882634Z d3e246f01410: Waiting
2023-10-21T14:26:16.0882968Z 5a2499e87ab8: Waiting
2023-10-21T14:26:16.0883317Z a45f5c4adf1b: Waiting
2023-10-21T14:26:16.0883662Z 178017fd978e: Waiting
2023-10-21T14:26:16.1641872Z 2ebc5690e391: Verifying Checksum
2023-10-21T14:26:16.1642534Z 2ebc5690e391: Download complete
2023-10-21T14:26:16.1770539Z 2ebc5690e391: Pull complete
2023-10-21T14:26:16.1889523Z a2ddbb09cd9a: Verifying Checksum
2023-10-21T14:26:16.1890856Z a2ddbb09cd9a: Download complete
2023-10-21T14:26:16.2097838Z 8fe57f734687: Verifying Checksum
2023-10-21T14:26:16.2098437Z 8fe57f734687: Download complete
2023-10-21T14:26:16.3031325Z a45f5c4adf1b: Verifying Checksum
2023-10-21T14:26:16.3032249Z a45f5c4adf1b: Download complete
2023-10-21T14:26:16.3403654Z 5a2499e87ab8: Verifying Checksum
2023-10-21T14:26:16.3406827Z 5a2499e87ab8: Download complete
2023-10-21T14:26:16.3413560Z 178017fd978e: Verifying Checksum
2023-10-21T14:26:16.3416202Z 178017fd978e: Download complete
2023-10-21T14:26:16.4025935Z 428dff1cb77d: Verifying Checksum
2023-10-21T14:26:16.4026565Z 428dff1cb77d: Download complete
2023-10-21T14:26:16.4090663Z 8fe57f734687: Pull complete
2023-10-21T14:26:16.4242518Z 4eea1f5281a9: Verifying Checksum
2023-10-21T14:26:16.4243817Z 4eea1f5281a9: Download complete
2023-10-21T14:26:16.4841629Z a2ddbb09cd9a: Pull complete
2023-10-21T14:26:16.4946524Z 369467411787: Verifying Checksum
2023-10-21T14:26:16.4948755Z 369467411787: Download complete
2023-10-21T14:26:16.5309181Z 51184495a2bc: Verifying Checksum
2023-10-21T14:26:16.5309787Z 51184495a2bc: Download complete
2023-10-21T14:26:16.5851911Z d3e246f01410: Verifying Checksum
2023-10-21T14:26:16.5855300Z d3e246f01410: Download complete
2023-10-21T14:26:17.0132295Z 5a2499e87ab8: Pull complete
2023-10-21T14:26:17.1374509Z a45f5c4adf1b: Pull complete
2023-10-21T14:26:17.1565879Z 178017fd978e: Pull complete
2023-10-21T14:26:17.1691575Z 428dff1cb77d: Pull complete
2023-10-21T14:26:17.4106538Z 4667364adfc4: Verifying Checksum
2023-10-21T14:26:17.4107167Z 4667364adfc4: Download complete
2023-10-21T14:26:21.7389530Z 4667364adfc4: Pull complete
2023-10-21T14:26:21.7561091Z 4eea1f5281a9: Pull complete
2023-10-21T14:26:21.7707051Z 369467411787: Pull complete
2023-10-21T14:26:21.7818134Z 51184495a2bc: Pull complete
2023-10-21T14:26:21.7903397Z d3e246f01410: Pull complete
2023-10-21T14:26:21.7951574Z Digest: sha256:3d9ed832906091d609cfd6f283e79492ace01ba15866b21d8a262e8fd1cdfb55
2023-10-21T14:26:21.7966955Z Status: Downloaded newer image for postgres:latest
2023-10-21T14:26:21.9778122Z  connected 
2023-10-21T14:26:21.9778993Z -----------
2023-10-21T14:26:21.9779475Z          1
2023-10-21T14:26:21.9779814Z (1 row)
2023-10-21T14:26:21.9780149Z 
2023-10-21T14:26:22.0160650Z + cmd=pytest
2023-10-21T14:26:22.0161067Z + shift
2023-10-21T14:26:22.0163183Z + pytest -v --timeout_method thread --reruns 3 --only-rerun MissingEventTimeout --splits 10 --group 6 --store-durations --durations-path engine-ci-test-durations --splitting-algorithm=least_duration --reruns 3 --only-rerun MissingEventTimeout
2023-10-21T14:26:32.9597174Z 
2023-10-21T14:26:32.9598968Z [pytest-split] No test durations found. Pytest-split will split tests evenly when no durations are found. 
2023-10-21T14:26:32.9600897Z [pytest-split] You can expect better results in consequent runs, when test timings have been documented.
2023-10-21T14:26:32.9601901Z 
2023-10-21T14:26:32.9602311Z ============================= test session starts ==============================
2023-10-21T14:26:32.9604144Z platform linux -- Python 3.11.4, pytest-7.4.2, pluggy-1.3.0 -- /home/runner/.cache/pypoetry/virtualenvs/mergify-engine-cHHEL7M--py3.11/bin/python
2023-10-21T14:26:32.9605607Z cachedir: .pytest_cache
2023-10-21T14:26:32.9606189Z rootdir: /home/runner/work/engine/engine
2023-10-21T14:26:32.9606836Z configfile: pyproject.toml
2023-10-21T14:26:32.9607410Z testpaths: mergify_engine/tests
2023-10-21T14:26:32.9609472Z plugins: asyncio-0.21.1, github-actions-annotate-failures-0.2.0, timeout-2.2.0, ddtrace-1.20.2, rerunfailures-12.0, flakefinder-1.1.0, anyio-3.7.1, split-0.8.1, cov-4.1.0, xdist-3.3.1, respx-0.20.2
2023-10-21T14:26:32.9611328Z asyncio: mode=Mode.AUTO
2023-10-21T14:26:32.9611834Z timeout: 200.0s
2023-10-21T14:26:32.9612311Z timeout method: thread
2023-10-21T14:26:32.9612832Z timeout func_only: False
2023-10-21T14:26:43.8820026Z collecting ... 
2023-10-21T14:26:43.8821234Z 
2023-10-21T14:26:43.8822486Z [pytest-split] Splitting tests with algorithm: least_duration
2023-10-21T14:26:43.8823830Z [pytest-split] Running group 6/10 (estimated duration: 202.00s)
2023-10-21T14:26:43.8825572Z 
2023-10-21T14:26:43.8826054Z collected 2024 items / 1822 deselected / 202 selected
2023-10-21T14:26:43.8826692Z 
2023-10-21T14:26:48.0245606Z mergify_engine/tests/functional/test_attributes.py::TestAttributes::test_commits_attributes_list_condition_bool PASSED [  0%]
2023-10-21T14:26:52.4366939Z mergify_engine/tests/functional/test_attributes.py::TestAttributes::test_current_datetime PASSED [  0%]
2023-10-21T14:26:55.9794777Z mergify_engine/tests/functional/test_engine.py::TestEngineV2Scenario::test_merge_custom_msg PASSED [  1%]
2023-10-21T14:26:59.2305611Z mergify_engine/tests/functional/test_engine.py::TestEngineV2Scenario::test_merge_squash PASSED [  1%]
2023-10-21T14:27:02.9969953Z mergify_engine/tests/functional/test_engine.py::TestEngineV2Scenario::test_refresh_via_check_suite_rerequest PASSED [  2%]
2023-10-21T14:27:06.0980924Z mergify_engine/tests/functional/test_engine.py::TestEngineV2Scenario::test_truncated_check_output PASSED [  2%]
2023-10-21T14:27:11.3745284Z mergify_engine/tests/functional/test_statistics.py::TestStatisticsRedis::test_statistics_format_in_redis_without_partitions PASSED [  3%]
2023-10-21T14:27:14.8937220Z mergify_engine/tests/functional/test_summary.py::TestSummary::test_failed_base_changeable_attributes_rules_in_not_applicable_summary_section_with_basic_conditions PASSED [  3%]
2023-10-21T14:27:18.2378950Z mergify_engine/tests/functional/test_summary.py::TestSummary::test_pull_request_rules_order_0_depth PASSED [  4%]
2023-10-21T14:27:21.8218053Z mergify_engine/tests/functional/test_summary.py::TestQueueCISummary::test_invalid_config_html_escape PASSED [  4%]
2023-10-21T14:27:25.9338330Z mergify_engine/tests/functional/actions/test_backport.py::TestBackportAction::test_backport_merge_commit PASSED [  5%]
2023-10-21T14:27:30.2871089Z mergify_engine/tests/functional/actions/test_comment.py::TestCommentAction::test_comment PASSED [  5%]
2023-10-21T14:27:33.3707928Z mergify_engine/tests/functional/actions/test_copy.py::CopyActionTestBase::test_copy_with_no_matching_branch PASSED [  6%]
2023-10-21T14:27:36.4819918Z mergify_engine/tests/functional/actions/test_dismiss_review.py::TestDismissReviewsAction::test_dismiss_reviews_custom_message_syntax_error PASSED [  6%]
2023-10-21T14:27:40.3853869Z mergify_engine/tests/functional/actions/test_edit.py::TestEditAction::test_edit_on_closed_pr PASSED [  7%]
2023-10-21T14:27:43.9204415Z mergify_engine/tests/functional/actions/test_github_actions.py::GhaActionTestBase::test_gha_success PASSED [  7%]
2023-10-21T14:27:48.3400823Z mergify_engine/tests/functional/actions/test_label.py::TestLabelAction::test_label_basic PASSED [  8%]
2023-10-21T14:27:51.9824946Z mergify_engine/tests/functional/actions/test_post_check.py::TestPostCheckAction::test_checks_default PASSED [  8%]
2023-10-21T14:28:00.3085106Z mergify_engine/tests/functional/actions/test_queue.py::TestQueueAction::test_basic_queue PASSED [  9%]
2023-10-21T14:28:04.2700222Z mergify_engine/tests/functional/actions/test_queue.py::TestQueueAction::test_bypass_branch_protections_with_none_injection_mode PASSED [  9%]
2023-10-21T14:28:09.8781409Z mergify_engine/tests/functional/actions/test_queue.py::TestQueueAction::test_more_ci_in_pull_request_rules_succeed PASSED [ 10%]
2023-10-21T14:28:16.0025542Z mergify_engine/tests/functional/actions/test_queue.py::TestQueueAction::test_pr_with_depends_on_unqueued_after_dependent_pr_failed_checks_with_speculative_checks PASSED [ 10%]
2023-10-21T14:28:19.8812691Z mergify_engine/tests/functional/actions/test_queue.py::TestQueueAction::test_queue_already_ready PASSED [ 11%]
2023-10-21T14:28:28.5706546Z mergify_engine/tests/functional/actions/test_queue.py::TestQueueAction::test_queue_ci_failure PASSED [ 11%]
2023-10-21T14:28:31.6511838Z mergify_engine/tests/functional/actions/test_queue.py::TestQueueAction::test_queue_conditions_failure PASSED [ 12%]
2023-10-21T14:28:36.6703625Z mergify_engine/tests/functional/actions/test_queue.py::TestQueueAction::test_queue_inplace_train_resetted PASSED [ 12%]
2023-10-21T14:28:42.6171006Z mergify_engine/tests/functional/actions/test_queue.py::TestQueueAction::test_queue_no_inplace PASSED [ 13%]
2023-10-21T14:28:46.7142770Z mergify_engine/tests/functional/actions/test_queue.py::TestQueueAction::test_queue_with_allow_queue_branch_edit_set_to_false PASSED [ 13%]
2023-10-21T14:28:51.5964480Z mergify_engine/tests/functional/actions/test_queue.py::TestQueueAction::test_queue_with_two_pull_request_rules_that_match_then_unmatch PASSED [ 14%]
2023-10-21T14:28:58.7894013Z mergify_engine/tests/functional/actions/test_queue.py::TestQueueAction::test_unqueue_then_requeue_not_in_first_place_check_run PASSED [ 14%]
2023-10-21T14:29:05.4864076Z mergify_engine/tests/functional/actions/test_queue_with_partition_rules.py::TestQueueWithPartitionRules::test_all_partitions_reset_when_manual_force_push_on_base_branch_without_pr_and_with_fallback_partition PASSED [ 15%]
2023-10-21T14:29:11.6319093Z mergify_engine/tests/functional/actions/test_queue_with_partition_rules.py::TestQueueWithPartitionRules::test_no_partition_reset_after_queued_merged_pr_with_partition_and_no_fallback_partition PASSED [ 15%]
2023-10-21T14:29:15.9051232Z mergify_engine/tests/functional/actions/test_queue_with_partition_rules.py::TestQueueWithPartitionRules::test_queue_fallback_partition_if_pr_dont_match_any_partitions_inplace PASSED [ 16%]
2023-10-21T14:29:19.3797593Z mergify_engine/tests/functional/actions/test_rebase.py::TestRebaseAction::test_rebase_autosquash_squash_commit PASSED [ 16%]
2023-10-21T14:29:23.9421966Z mergify_engine/tests/functional/actions/test_review.py::TestReviewAction::test_review_template PASSED [ 17%]
2023-10-21T14:29:26.6151908Z mergify_engine/tests/functional/api/test_auth.py::test_api_repository_auth_cached PASSED [ 17%]
2023-10-21T14:29:28.9295085Z mergify_engine/tests/functional/api/test_healthcheck.py::test_healthcheck PASSED [ 18%]
2023-10-21T14:29:37.4775150Z mergify_engine/tests/functional/api/test_partitions.py::TestPartitionsApi::test_partitions_endpoints_with_partition_rules PASSED [ 18%]
2023-10-21T14:29:46.0287565Z mergify_engine/tests/functional/api/test_queue.py::TestQueueApi::test_estimated_time_of_merge_schedule_condition_non_match PASSED [ 19%]
2023-10-21T14:29:50.2562548Z mergify_engine/tests/functional/api/test_queue_freeze.py::TestQueueFreeze::test_get_list_queue_freeze PASSED [ 19%]
2023-10-21T14:29:54.6365326Z mergify_engine/tests/functional/api/test_queue_freeze.py::TestQueueFreeze::test_request_error_get_queue_freeze PASSED [ 20%]
2023-10-21T14:29:57.8749133Z mergify_engine/tests/functional/api/test_queue_freeze.py::TestQueueFreeze::test_update_freeze_cascading_effect PASSED [ 20%]
2023-10-21T14:30:02.5316024Z mergify_engine/tests/functional/api/test_queue_pause.py::TestQueuePause::test_delete_queue_pause PASSED [ 21%]
2023-10-21T14:30:05.6591232Z mergify_engine/tests/functional/api/test_simulator.py::TestApiSimulator::test_simulator_invalid_json PASSED [ 21%]
2023-10-21T14:30:14.0764053Z mergify_engine/tests/functional/api/test_statistics.py::TestStatisticsEndpoints::test_time_to_merge_endpoint_normal PASSED [ 22%]
2023-10-21T14:30:18.8682349Z mergify_engine/tests/functional/commands/test_backport.py::TestCommandBackport::test_command_backport PASSED [ 22%]
2023-10-21T14:30:22.7009655Z mergify_engine/tests/functional/commands/test_queue.py::TestQueueCommand::test_command_queue_with_queue_conditions_not_matching_and_fallback PASSED [ 23%]
2023-10-21T14:30:30.4455352Z mergify_engine/tests/functional/commands/test_requeue.py::TestRequeueCommand::test_requeue PASSED [ 23%]
2023-10-21T14:30:35.3416547Z mergify_engine/tests/functional/commands/test_unqueue.py::TestUnQueueCommand::test_unqueue_command_on_pr_waiting_for_queue_match PASSED [ 24%]
2023-10-21T14:30:36.2313074Z mergify_engine/tests/functional/console_scripts/test_merge_queue.py::test_merge_queue_reset PASSED [ 24%]
2023-10-21T14:30:37.1072106Z mergify_engine/tests/functional/console_scripts/test_refresher.py::test_refresher PASSED [ 25%]
2023-10-21T14:30:40.4896997Z mergify_engine/tests/functional/log_embedder/test_github_action.py::TestLogEmbedderGithubAction::test_log_downloading_with_no_steps PASSED [ 25%]
2023-10-21T14:30:40.7129764Z mergify_engine/tests/unit/test_behind.py::test_pull_behind[P-A-B-CU] PASSED [ 26%]
2023-10-21T14:30:41.0065525Z mergify_engine/tests/unit/test_clients.py::test_client_user_token PASSED [ 26%]
2023-10-21T14:30:41.2930872Z mergify_engine/tests/unit/test_clients.py::test_client_abuse_403_no_header PASSED [ 27%]
2023-10-21T14:30:41.5235602Z mergify_engine/tests/unit/test_command.py::test_run_command_with_user[None-nothing-@mergifyio something-Sorry but I didn't understand the command. Please consult [the commands documentation](https://docs.mergify.com/commands) \U0001f4da.] PASSED [ 27%]
2023-10-21T14:30:41.6700298Z mergify_engine/tests/unit/test_command.py::test_extract_command_state_with_old_payload_format PASSED [ 28%]
2023-10-21T14:30:41.8992748Z mergify_engine/tests/unit/test_command.py::test_run_command_with_no_subscription[squash] PASSED [ 28%]
2023-10-21T14:30:42.1511946Z mergify_engine/tests/unit/test_command.py::test_commands_restrictions_sender_permission[sender-permission<admin-write-True] PASSED [ 29%]
2023-10-21T14:30:42.2917096Z mergify_engine/tests/unit/test_context.py::test_context_depends_on PASSED [ 29%]
2023-10-21T14:30:42.4408460Z mergify_engine/tests/unit/test_context.py::test_context_merge_after_valid[Merge-After:    2023-01-18-expected_out2] PASSED [ 30%]
2023-10-21T14:30:42.5853166Z mergify_engine/tests/unit/test_context.py::test_context_merge_after_invalid[Merge-After: 2023-01-18[Australia/Sydne]] PASSED [ 30%]
2023-10-21T14:30:42.7306367Z mergify_engine/tests/unit/test_context.py::test_context_merge_after_invalid[Merge-After: 2023-01-01 08:10Europe/Paris]] PASSED [ 31%]
2023-10-21T14:30:42.8721991Z mergify_engine/tests/unit/test_context.py::test_dependabot_attributes_parsing_ko[chore(deps): bump terser from 5.10.0 to 5.10.2 in /installer\n\n        Bumps [terser](https://github.com/terser/terser) from 5.10.0 to 5.14.2.\n        - [Release notes](https://github.com/terser/terser/releases)\n        - [Changelog](https://github.com/terser/terser/blob/master/CHANGELOG.md)\n        - [Commits](https://github.com/terser/terser/commits)\n\n        ---\n        updated-dependencies:\n        - dependency-name: terser\n          dependency-type: indirect\n        - dependency-name: terser2\n          dependency-type: indirect\n        ...\n\n        Signed-off-by: dependabot[bot] <support@github.com>\n        ] PASSED [ 31%]
2023-10-21T14:30:43.0858510Z mergify_engine/tests/unit/test_count_seats.py::test_send_seats PASSED    [ 32%]
2023-10-21T14:30:43.2538500Z mergify_engine/tests/unit/test_count_seats.py::test_store_active_users[membership-event15] PASSED [ 32%]
2023-10-21T14:30:43.4178255Z mergify_engine/tests/unit/test_count_seats.py::test_store_active_users[workflow_job-event21] PASSED [ 33%]
2023-10-21T14:30:45.0452730Z mergify_engine/tests/unit/test_count_seats.py::test_get_usage_count_seats[workflow_run-event2] PASSED [ 33%]
2023-10-21T14:30:46.6797065Z mergify_engine/tests/unit/test_count_seats.py::test_get_usage_count_seats[member-event3] PASSED [ 34%]
2023-10-21T14:30:48.2979908Z mergify_engine/tests/unit/test_count_seats.py::test_get_usage_count_seats[workflow_job-event12] PASSED [ 34%]
2023-10-21T14:30:48.4472465Z mergify_engine/tests/unit/test_date.py::test_fromisoformat[2022-01-01T01:01:01-02:00-expected6] PASSED [ 35%]
2023-10-21T14:30:48.6419939Z mergify_engine/tests/unit/test_date.py::test_time_compare PASSED         [ 35%]
2023-10-21T14:30:48.7863372Z mergify_engine/tests/unit/test_date.py::test_day_of_week_from_string[MON-1] PASSED [ 36%]
2023-10-21T14:30:48.9304456Z mergify_engine/tests/unit/test_date.py::test_interval_from_string[1 hours-expected_interval3] PASSED [ 36%]
2023-10-21T14:30:49.0729486Z mergify_engine/tests/unit/test_date.py::test_interval_from_string[1 d 15 hour 42 seconds-expected_interval17] PASSED [ 37%]
2023-10-21T14:30:49.2149216Z mergify_engine/tests/unit/test_date.py::test_schedule_next_datetime[schedule7-from_time7-expected7] PASSED [ 37%]
2023-10-21T14:30:51.0227486Z mergify_engine/tests/unit/test_date.py::test_schedule_next_datetime[schedule13-from_time13-expected13] PASSED [ 38%]
2023-10-21T14:30:51.2088258Z mergify_engine/tests/unit/test_date.py::test_schedule_inequality[schedule10-schedule20] PASSED [ 38%]
2023-10-21T14:30:51.3478471Z mergify_engine/tests/unit/test_date.py::test_schedule_eq_with_datetime[schedule4-date_to_test4-True] PASSED [ 39%]
2023-10-21T14:30:51.4854127Z mergify_engine/tests/unit/test_date.py::test_schedule_as_json_dict_only_times_with_timezone PASSED [ 39%]
2023-10-21T14:30:51.6331796Z mergify_engine/tests/unit/test_date.py::test_fromisoformat_with_zoneinfo_invalid[2023-07-13T14:00[Europe/Paris] PASSED [ 40%]
2023-10-21T14:30:51.7707923Z mergify_engine/tests/unit/test_date.py::test_datetimerange_fromisoformat_with_zoneinfo_invalid[2007-03-01T13:00/2008-wtf] PASSED [ 40%]
2023-10-21T14:30:51.9159502Z mergify_engine/tests/unit/test_date.py::test_datetimerange_equality[actual1-other1] PASSED [ 41%]
2023-10-21T14:30:52.0655609Z mergify_engine/tests/unit/test_date.py::test_relativedelta[2023-10-16-0--1-2022-10-16] PASSED [ 41%]
2023-10-21T14:30:52.8012270Z mergify_engine/tests/unit/test_db_populator.py::test_db_populator_dataset[AnotherDummyDataset] PASSED [ 42%]
2023-10-21T14:30:53.0757356Z mergify_engine/tests/unit/test_delayed_refresh.py::test_delayed_refresh_with_success_conditions[start_datetime1-pull1-expected_refresh1] PASSED [ 42%]
2023-10-21T14:30:53.3754591Z mergify_engine/tests/unit/test_engine.py::test_configuration_not_changed PASSED [ 43%]
2023-10-21T14:30:54.1408984Z mergify_engine/tests/unit/test_events_db.py::test_event_action_delete_head_branch_consistency PASSED [ 43%]
2023-10-21T14:30:54.9813692Z mergify_engine/tests/unit/test_events_db.py::test_event_action_queue_merged_consistency PASSED [ 44%]
2023-10-21T14:30:55.7765442Z mergify_engine/tests/unit/test_events_db.py::test_event_queue_pause_create_consistency PASSED [ 44%]
2023-10-21T14:30:55.9297670Z mergify_engine/tests/unit/test_flaky_check.py::test_flaky_check_get_consolidate_data[mergify_conf4-NeedRerunStatus.NEED_RERUN-pending_checks4-failure_cheks4-flaky_checks_to_rerun4] PASSED [ 45%]
2023-10-21T14:30:56.0731734Z mergify_engine/tests/unit/test_github_events.py::test_filter_and_dispatch[workflow_run-event2] PASSED [ 45%]
2023-10-21T14:30:56.2169458Z mergify_engine/tests/unit/test_github_events.py::test_filter_and_dispatch[member-event3] PASSED [ 46%]
2023-10-21T14:30:56.3596046Z mergify_engine/tests/unit/test_github_events.py::test_filter_and_dispatch[workflow_job-event12] PASSED [ 46%]
2023-10-21T14:30:57.9413607Z mergify_engine/tests/unit/test_legacy_badges.py::test_legacy_badge_endpoint PASSED [ 47%]
2023-10-21T14:30:58.0802438Z mergify_engine/tests/unit/test_logs.py::test_datadog_logger[udp://foobar.example.com:1234-foobar.example.com-1234] PASSED [ 47%]
2023-10-21T14:30:58.2203875Z mergify_engine/tests/unit/test_queue_freeze.py::test_queue_freeze_serialized[urgent-test urgent freeze-False] PASSED [ 48%]
2023-10-21T14:30:58.3677914Z mergify_engine/tests/unit/test_settings.py::test_type_log_level[10-10] PASSED [ 48%]
2023-10-21T14:30:58.5198170Z mergify_engine/tests/unit/test_settings.py::test_github_url_normalization[/foobar/] PASSED [ 49%]
2023-10-21T14:30:58.6637191Z mergify_engine/tests/unit/test_settings.py::test_database_url_format[postgres://-postgresql+psycopg:] PASSED [ 49%]
2023-10-21T14:30:58.9279535Z mergify_engine/tests/unit/test_subscription.py::test_subscription_on_premise_wrong_token PASSED [ 50%]
2023-10-21T14:30:59.1008285Z mergify_engine/tests/unit/test_utils.py::test_unicode_truncate[end-2-\u2026-None] PASSED [ 50%]
2023-10-21T14:30:59.2404363Z mergify_engine/tests/unit/test_utils.py::test_unicode_truncate[end-5-\u2026-h\u2026] PASSED [ 50%]
2023-10-21T14:30:59.3813358Z mergify_engine/tests/unit/test_utils.py::test_unicode_truncate[end-23-\u2026-h\xe9 ho! how are you\u2026] PASSED [ 51%]
2023-10-21T14:30:59.5200111Z mergify_engine/tests/unit/test_utils.py::test_unicode_truncate[middle-1--h] PASSED [ 51%]
2023-10-21T14:30:59.6600542Z mergify_engine/tests/unit/test_utils.py::test_unicode_truncate[middle-3--h?] PASSED [ 52%]
2023-10-21T14:30:59.8042634Z mergify_engine/tests/unit/test_utils.py::test_unicode_truncate[middle-50-\u2026-h\xe9 ho! how are you\u221a2?] PASSED [ 52%]
2023-10-21T14:30:59.9450969Z mergify_engine/tests/unit/test_utils.py::test_unicode_truncate[middle-21-\U0001f60e-h\xe9 ho! h\U0001f60eyou\u221a2?] PASSED [ 53%]
2023-10-21T14:31:00.0854636Z mergify_engine/tests/unit/test_utils.py::test_strtobool[on-True] PASSED  [ 53%]
2023-10-21T14:31:00.2239905Z mergify_engine/tests/unit/test_utils.py::test_url_parser_with_pr_ok[https://github.com/mergifyio/mergify-engine/pull/123] PASSED [ 54%]
2023-10-21T14:31:00.3609106Z mergify_engine/tests/unit/test_utils.py::test_url_parser_with_pr_ok[https://github.com//mergifyio/mergify-engine//pull/123] PASSED [ 54%]
2023-10-21T14:31:00.5010053Z mergify_engine/tests/unit/test_utils.py::test_url_parser_fail[https://github.com/] PASSED [ 55%]
2023-10-21T14:31:00.6412193Z mergify_engine/tests/unit/test_utils.py::test_map_tenacity_try_again_to_real_cause_without_except PASSED [ 55%]
2023-10-21T14:31:00.7795228Z mergify_engine/tests/unit/test_utils.py::test_clean_qp PASSED            [ 56%]
2023-10-21T14:31:02.3259439Z mergify_engine/tests/unit/test_web.py::test_push_event[event0-foobar-200-Event ignored: unexpected event_type] PASSED [ 56%]
2023-10-21T14:31:03.4139051Z mergify_engine/tests/unit/test_worker.py::test_worker_with_one_task PASSED [ 57%]
2023-10-21T14:31:03.9210284Z mergify_engine/tests/unit/test_worker.py::test_stream_processor_retrying_stream_failure PASSED [ 57%]
2023-10-21T14:31:05.6233695Z mergify_engine/tests/unit/test_worker.py::test_start_stop_cycle PASSED   [ 58%]
2023-10-21T14:31:05.7677642Z mergify_engine/tests/unit/test_worker.py::test_task_unexpected_cancellation PASSED [ 58%]
2023-10-21T14:31:05.9088770Z mergify_engine/tests/unit/test_worker.py::test_get_bucket_sources_key PASSED [ 59%]
2023-10-21T14:31:06.0459973Z mergify_engine/tests/unit/test_worker.py::test_extract_app_from_status[status_event12-snyk] PASSED [ 59%]
2023-10-21T14:31:06.1864349Z mergify_engine/tests/unit/test_worker.py::test_extract_app_from_status[status_event21-coveralls] PASSED [ 60%]
2023-10-21T14:31:06.4093379Z mergify_engine/tests/unit/actions/test_assign.py::test_unassign_assignees PASSED [ 60%]
2023-10-21T14:31:06.6308886Z mergify_engine/tests/unit/actions/test_merge.py::test_merge_commit_message[Hello world\nagain!\n\n## Commit Message\nMy Title\n\nCI worked:\n{% for ci in status_success %}\n- {{ci}}\n{% endfor %}\n-My Title-CI worked:\n\n- my CI\n-None] PASSED [ 61%]
2023-10-21T14:31:06.8717582Z mergify_engine/tests/unit/actions/test_queue.py::test_get_rule_checks_status[conditions2-🟠 pending] PASSED [ 61%]
2023-10-21T14:31:07.0227450Z mergify_engine/tests/unit/actions/test_queue.py::test_required_status_checks_strict_compatibility_with_queue_rules[queue_rule_config1-queue_executor_config1] PASSED [ 62%]
2023-10-21T14:31:07.3574448Z 
2023-10-21T14:31:07.3586409Z ##[error]test_random_reviewers_no_weight

voluptuous.error.MultipleInvalid: GitHub login contains invalid characters: jd @ data['users'][0]
2023-10-21T14:31:07.3907740Z mergify_engine/tests/unit/actions/test_request_reviews.py::test_random_reviewers_no_weight FAILED [ 62%]
2023-10-21T14:31:08.9448467Z mergify_engine/tests/unit/api/test_badges.py::test_api_badge PASSED      [ 63%]
2023-10-21T14:31:10.5148868Z mergify_engine/tests/unit/api/test_exceptions.py::test_handler_exception_rate_limited[/v1] PASSED [ 63%]
2023-10-21T14:31:12.0928593Z mergify_engine/tests/unit/api/test_security.py::test_bad_owner[-noway] PASSED [ 64%]
2023-10-21T14:31:13.6576492Z mergify_engine/tests/unit/api/test_security.py::test_valid_owner_repo[right-123-name/-ok_123.] PASSED [ 64%]
2023-10-21T14:31:14.3655115Z mergify_engine/tests/unit/ci/test_event_processing.py::test_process_event_stream_workflow_run[workflow_run.completed.json] PASSED [ 65%]
2023-10-21T14:31:15.0728024Z mergify_engine/tests/unit/console_scripts/test_admin.py::test_admin_suspend PASSED [ 65%]
2023-10-21T14:31:15.2088794Z mergify_engine/tests/unit/engine/test_actions_runner.py::test_sanitize_action_config[set-config_value2-expected_value2] PASSED [ 66%]
2023-10-21T14:31:19.4139002Z mergify_engine/tests/unit/front/test_proxy_engine.py::test_engine_proxy_update_queue_freeze[none-403] PASSED [ 66%]
2023-10-21T14:31:19.5522921Z mergify_engine/tests/unit/github_types/test_github_repository_permission.py::test_permission_above[GitHubRepositoryPermission.WRITE-expected_permissions2] PASSED [ 67%]
2023-10-21T14:31:19.6969436Z mergify_engine/tests/unit/log_embedder/test_github_actions.py::test_get_tokenized_cleaned_log[one_token_string] PASSED [ 67%]
2023-10-21T14:31:19.8616229Z mergify_engine/tests/unit/log_embedder/test_log_cleaner.py::test_log_cleaner_output[mergify_engine/tests/unit/log_embedder/log_cleaner_input/mergify_engine_pep8_error_log.log-mergify_engine/tests/unit/log_embedder/log_cleaner_output/mergify_engine_pep8_error_log.log] PASSED [ 68%]
2023-10-21T14:31:20.0052881Z mergify_engine/tests/unit/log_embedder/test_log_cleaner.py::test_resolving_deltas_lines[remote: Compressing objects:  73% (93/127)-False] PASSED [ 68%]
2023-10-21T14:31:20.1500844Z mergify_engine/tests/unit/log_embedder/test_log_cleaner.py::test_clean_manipulating_objects_lines[ efzef af 2023-04-25T07:48:33.4611041Z tutu edzd remote: Compressing objects:   6% (8/127) ezf-True] PASSED [ 69%]
2023-10-21T14:31:20.3009965Z mergify_engine/tests/unit/log_embedder/test_log_cleaner.py::test_clean_timestamps[2022-05-11T02:00:03.01Z tutu- tutu] PASSED [ 69%]
2023-10-21T14:31:20.4469702Z mergify_engine/tests/unit/log_embedder/test_log_cleaner.py::test_stripping[2023-04-25T07:49:14.5401980Z  * [new ref]             89ba3e87c5c2a94a332c78f22c23d476f6c63f2b -> pull/5770/merge-[new ref] 89ba3e87c5c2a94a332c78f22c23d476f6c63f2b -> pull/5770/merge] PASSED [ 70%]
2023-10-21T14:31:20.5931503Z mergify_engine/tests/unit/log_embedder/test_log_cleaner.py::test_space_reduction[2023-04-25T07:49:49.5137532Z   \u2022 Installing pytest-github-actions-annotate-failures (0.1.8)-2023-04-25T07:49:49.5137532Z \u2022 Installing pytest-github-actions-annotate-failures (0.1.8)] PASSED [ 70%]
2023-10-21T14:31:20.7402464Z mergify_engine/tests/unit/log_embedder/test_log_cleaner.py::test_clean_non_alphanumeric_characters[2023-04-25T07:48:30.8003957Z Current runner version: '2.303.0'-2023 04 25T07 48 30 8003957Z Current runner version   2 303 0] PASSED [ 71%]
2023-10-21T14:31:20.9537068Z mergify_engine/tests/unit/log_embedder/test_openai.py::test_openai_get_embedding PASSED [ 71%]
2023-10-21T14:31:22.5232279Z mergify_engine/tests/unit/log_embedder/test_service.py::test_embed_logs_on_controlled_data PASSED [ 72%]
2023-10-21T14:31:22.7904975Z mergify_engine/tests/unit/merge_train/test_convoy.py::test_convoy_add_pull_1_partition_rule PASSED [ 72%]
2023-10-21T14:31:23.0473601Z mergify_engine/tests/unit/merge_train/test_train.py::test_train_remove_duplicates PASSED [ 73%]
2023-10-21T14:31:23.3111093Z mergify_engine/tests/unit/merge_train/test_train.py::test_train_no_interrupt_add_pull PASSED [ 73%]
2023-10-21T14:31:23.4533451Z mergify_engine/tests/unit/merge_train/test_train.py::test_train_car_old_serialization[updated-TrainCarChecksType.INPLACE-🟠 pending-CiState.PENDING-TrainCarOutcome.UNKNOWN-False-False-] PASSED [ 74%]
2023-10-21T14:31:23.7242596Z mergify_engine/tests/unit/merge_train/test_train.py::test_train_car_has_reached_batch_max_failure[1x8-batch-max-failure-0-0] PASSED [ 74%]
2023-10-21T14:31:23.8640984Z mergify_engine/tests/unit/models/test_github_actions.py::test_get_job_name_and_matrix[job-name (lvl1, lvl2)-job-name-lvl1, lvl2] PASSED [ 75%]
2023-10-21T14:31:24.6984922Z mergify_engine/tests/unit/models/test_github_actions.py::test_is_rerun_needed[failed_job_with_no_flaky_nghb-3-NeedRerunStatus.NEED_RERUN-NeedRerunStatus.DONT_NEED_RERUN-NeedRerunStatus.DONT_NEED_RERUN] PASSED [ 75%]
2023-10-21T14:31:25.4368928Z mergify_engine/tests/unit/models/test_github_repository.py::test_as_dict PASSED [ 76%]
2023-10-21T14:31:25.5830450Z mergify_engine/tests/unit/rules/test_condition_evaluation_result.py::test_markdown[condition4-- [X] `author=me` \u26a0\ufe0f Some error] PASSED [ 76%]
2023-10-21T14:31:25.7231156Z mergify_engine/tests/unit/rules/test_condition_evaluation_result.py::test_group_condition_as_markdown PASSED [ 77%]
2023-10-21T14:31:25.8640208Z mergify_engine/tests/unit/rules/test_condition_evaluation_result.py::test_condition_dict_serialization PASSED [ 77%]
2023-10-21T14:31:26.0022122Z mergify_engine/tests/unit/rules/test_filter.py::test_binary PASSED       [ 78%]
2023-10-21T14:31:26.1495159Z mergify_engine/tests/unit/rules/test_filter.py::test_invalid_arguments PASSED [ 78%]
2023-10-21T14:31:26.2949346Z mergify_engine/tests/unit/rules/test_filter.py::test_str[BinaryFilter] PASSED [ 79%]
2023-10-21T14:31:26.4634980Z mergify_engine/tests/unit/rules/test_filter.py::test_relative_datetime_neardatetime_filter PASSED [ 79%]
2023-10-21T14:31:26.6535476Z mergify_engine/tests/unit/rules/test_filter.py::test_current_datetime PASSED [ 80%]
2023-10-21T14:31:26.7934969Z mergify_engine/tests/unit/rules/test_filter.py::test_list_values_filter[multiple value match with "~=" operator] PASSED [ 80%]
2023-10-21T14:31:26.9431742Z mergify_engine/tests/unit/rules/test_get_rule_checks_status.py::test_rules_checks_status_with_or_conditions PASSED [ 81%]
2023-10-21T14:31:27.1144034Z mergify_engine/tests/unit/rules/test_parser.py::test_parse[\xacauthor~=jd-result7] PASSED [ 81%]
2023-10-21T14:31:27.2777933Z mergify_engine/tests/unit/rules/test_parser.py::test_parse[schedule=MON-friday 10:02-22:35-result10] PASSED [ 82%]
2023-10-21T14:31:27.4413195Z mergify_engine/tests/unit/rules/test_parser.py::test_parse[updated-at>=18:02 ago-result31] PASSED [ 82%]
2023-10-21T14:31:27.6049187Z mergify_engine/tests/unit/rules/test_parser.py::test_parse[queue-position=-1-result37] PASSED [ 83%]
2023-10-21T14:31:27.7692528Z mergify_engine/tests/unit/rules/test_parser.py::test_parse[#assignee=3-result47] PASSED [ 83%]
2023-10-21T14:31:27.9396198Z mergify_engine/tests/unit/rules/test_parser.py::test_parse[author=jd-result51] PASSED [ 84%]
2023-10-21T14:31:28.1141024Z mergify_engine/tests/unit/rules/test_parser.py::test_parse[check-success=my ci has spaces-result61] PASSED [ 84%]
2023-10-21T14:31:28.2923442Z mergify_engine/tests/unit/rules/test_parser.py::test_parse[check-neutral="my double quoted ci"-result67] PASSED [ 85%]
2023-10-21T14:31:28.4551816Z mergify_engine/tests/unit/rules/test_parser.py::test_parse[current-datetime=XXXX-07-14T08:00/XXXX-07-14T19:00[Europe/Paris]-result82] PASSED [ 85%]
2023-10-21T14:31:28.5991019Z mergify_engine/tests/unit/rules/test_parser.py::test_parse_jinja_template[body~=hello {{ author }}-body-~=-hello foo] PASSED [ 86%]
2023-10-21T14:31:28.7388450Z mergify_engine/tests/unit/rules/test_parser.py::test_parse_invalid[schedule=10:02[PST8PDT]-22:35[Europe/Paris]-Invalid schedule] PASSED [ 86%]
2023-10-21T14:31:28.8829993Z mergify_engine/tests/unit/rules/test_parser.py::test_parse_invalid[body="b-Unbalanced quotes] PASSED [ 87%]
2023-10-21T14:31:29.0276244Z mergify_engine/tests/unit/rules/test_parser.py::test_parse_invalid[--Incomplete condition] PASSED [ 87%]
2023-10-21T14:31:29.1686760Z mergify_engine/tests/unit/rules/test_parser.py::test_parse_invalid[current-datetime=20XX-01-01T14:00/19:00[Europe/Paris]-Invalid timestamp] PASSED [ 88%]
2023-10-21T14:31:29.3168811Z mergify_engine/tests/unit/rules/test_parser.py::test_validate_github_team_name[@\xe9] PASSED [ 88%]
2023-10-21T14:31:29.5516551Z mergify_engine/tests/unit/rules/test_priority_rules.py::test_queue_effective_priority[labels5-13000] PASSED [ 89%]
2023-10-21T14:31:29.6972883Z mergify_engine/tests/unit/rules/test_queue_condition_evaluation_result.py::test_condition_tree_as_markdown PASSED [ 89%]
2023-10-21T14:31:29.8400448Z mergify_engine/tests/unit/rules/test_queue_condition_evaluation_result.py::test_deepdiff PASSED [ 90%]
2023-10-21T14:31:29.9894520Z mergify_engine/tests/unit/rules/test_rules.py::test_pull_request_rule[valid7] PASSED [ 90%]
2023-10-21T14:31:30.1441605Z mergify_engine/tests/unit/rules/test_rules.py::test_same_partition_rules_name PASSED [ 91%]
2023-10-21T14:31:30.3978339Z mergify_engine/tests/unit/rules/test_rules.py::test_get_mergify_config_with_defaults PASSED [ 91%]
2023-10-21T14:31:30.5475621Z mergify_engine/tests/unit/rules/test_rules.py::test_extends_ko[] PASSED  [ 92%]
2023-10-21T14:31:30.6887846Z mergify_engine/tests/unit/rules/test_rules.py::test_pull_request_rule_schema_invalid[invalid9-Template syntax error for dictionary value @ data\\[0\\]\\['actions'\\]\\['review'\\]\\['message'\\]] PASSED [ 92%]
2023-10-21T14:31:30.8363507Z mergify_engine/tests/unit/rules/test_rules.py::test_check_runs_custom PASSED [ 93%]
2023-10-21T14:31:30.9843662Z mergify_engine/tests/unit/rules/test_rules.py::test_multiple_cascaded_errors PASSED [ 93%]
2023-10-21T14:31:31.1244979Z mergify_engine/tests/unit/rules/test_rules.py::test_rule_condition_operator[condition0-=] PASSED [ 94%]
2023-10-21T14:31:31.2838727Z mergify_engine/tests/unit/rules/test_rules.py::test_invalid_dict_format[\nqueue_rules:\n  - foo\n-expected a dictionary @ queue_rules \u2192 item 0] PASSED [ 94%]
2023-10-21T14:31:31.4311469Z mergify_engine/tests/unit/rules/test_rules.py::test_rule_condition_walk_only_failing_conditions PASSED [ 95%]
2023-10-21T14:31:31.6614793Z mergify_engine/tests/unit/rules/test_rules_evaluator.py::test_pull_request_rules_evaluator[\npull_request_rules:\n  - name: not with combination that match\n    conditions:\n    - not:\n        or:\n          - label=do-not-match\n    actions: {}\n-False] PASSED [ 95%]
2023-10-21T14:31:31.8032951Z mergify_engine/tests/unit/rules/test_tenary_filter.py::test_operator_any[values9-UnknownType._MARKER_UNKNOWN_OR_TRUE] PASSED [ 96%]
2023-10-21T14:31:31.9441527Z mergify_engine/tests/unit/rules/test_tenary_filter.py::test_operator_any[values12-True] PASSED [ 96%]
2023-10-21T14:31:32.0847921Z mergify_engine/tests/unit/rules/test_tenary_filter.py::test_operator_all[values4-True] PASSED [ 97%]
2023-10-21T14:31:32.2317585Z mergify_engine/tests/unit/rules/test_types.py::test_github_login_nok[foobaz--GitHub login contains invalid characters: foobaz-] PASSED [ 97%]
2023-10-21T14:31:32.4020887Z 
2023-10-21T14:31:32.4028819Z ##[error]test_github_team_ok[@foo/ba-r-foo-ba-r]

voluptuous.error.MultipleInvalid: GitHub organization contains invalid characters: foo
2023-10-21T14:31:32.4355617Z mergify_engine/tests/unit/rules/test_types.py::test_github_team_ok[@foo/ba-r-foo-ba-r] FAILED [ 98%]
2023-10-21T14:31:32.5777888Z mergify_engine/tests/unit/rules/test_types.py::test_github_team_nok[/-foobar-A GitHub organization cannot be an empty string] PASSED [ 98%]
2023-10-21T14:31:32.7317194Z mergify_engine/tests/unit/rules/test_types.py::test_jinja2_template_with_all_attributes[{{{{ {attr}|replace('foo', 'bar') }}}}--STRING_ATTRIBUTES] PASSED [ 99%]
2023-10-21T14:31:32.8988425Z mergify_engine/tests/unit/web/test_estimated_time_to_merge.py::test_compute_estimation_batch_second_pr PASSED [ 99%]
2023-10-21T14:31:34.3464975Z mergify_engine/tests/unit/web/test_middlewares.py::test_with_trusted_hosts PASSED [100%]
2023-10-21T14:31:34.3466436Z 
2023-10-21T14:31:34.3533302Z [pytest-split] Stored test durations in engine-ci-test-durations
2023-10-21T14:31:34.3533909Z 
2023-10-21T14:31:34.3533917Z 
2023-10-21T14:31:34.3534150Z =================================== FAILURES ===================================
2023-10-21T14:31:34.3534925Z _______________________ test_random_reviewers_no_weight ________________________
2023-10-21T14:31:34.3535447Z 
2023-10-21T14:31:34.3537252Z context_getter = functools.partial(<function build_fake_context at 0x7f936fb83ec0>, repository=Repository(installation=Installation(ins...ps://avatars.githubusercontent.com/u/0?v=4'}, 'archived': False, 'url': '', 'html_url': '', 'default_branch': 'main'}))
2023-10-21T14:31:34.3538971Z 
2023-10-21T14:31:34.3539198Z     async def test_random_reviewers_no_weight(
2023-10-21T14:31:34.3539830Z         context_getter: conftest.ContextGetterFixture,
2023-10-21T14:31:34.3540438Z     ) -> None:
2023-10-21T14:31:34.3540910Z >       action = request_reviews.RequestReviewsAction(
2023-10-21T14:31:34.3541463Z             {
2023-10-21T14:31:34.3541801Z                 "teams": {
2023-10-21T14:31:34.3542210Z                     "foobar": 2,
2023-10-21T14:31:34.3542626Z                     "foobaz": 1,
2023-10-21T14:31:34.3543042Z                 },
2023-10-21T14:31:34.3543421Z                 "users": ["jd", "sileht"],
2023-10-21T14:31:34.3543878Z             },
2023-10-21T14:31:34.3544199Z         )
2023-10-21T14:31:34.3544374Z 
2023-10-21T14:31:34.3544701Z mergify_engine/tests/unit/actions/test_request_reviews.py:63: 
2023-10-21T14:31:34.3545487Z _ _ _ _ _ _ _ _ _ _ _ _ _ _ _ _ _ _ _ _ _ _ _ _ _ _ _ _ _ _ _ _ _ _ _ _ _ _ _ _ 
2023-10-21T14:31:34.3546132Z <string>:3: in __init__
2023-10-21T14:31:34.3546507Z     ???
2023-10-21T14:31:34.3546917Z mergify_engine/actions/__init__.py:219: in __post_init__
2023-10-21T14:31:34.3547541Z     self.config = voluptuous.Schema(
2023-10-21T14:31:34.3548925Z ../../../.cache/pypoetry/virtualenvs/mergify-engine-cHHEL7M--py3.11/lib/python3.11/site-packages/voluptuous/schema_builder.py:272: in __call__
2023-10-21T14:31:34.3550647Z     return self._compiled([], data)
2023-10-21T14:31:34.3551931Z ../../../.cache/pypoetry/virtualenvs/mergify-engine-cHHEL7M--py3.11/lib/python3.11/site-packages/voluptuous/validators.py:229: in _run
2023-10-21T14:31:34.3553163Z     return self._exec(self._compiled, value, path)
2023-10-21T14:31:34.3554551Z ../../../.cache/pypoetry/virtualenvs/mergify-engine-cHHEL7M--py3.11/lib/python3.11/site-packages/voluptuous/validators.py:355: in _exec
2023-10-21T14:31:34.3556101Z     raise e if self.msg is None else AllInvalid(self.msg, path=path)
2023-10-21T14:31:34.3557608Z ../../../.cache/pypoetry/virtualenvs/mergify-engine-cHHEL7M--py3.11/lib/python3.11/site-packages/voluptuous/validators.py:353: in _exec
2023-10-21T14:31:34.3558782Z     v = func(path, v)
2023-10-21T14:31:34.3560088Z ../../../.cache/pypoetry/virtualenvs/mergify-engine-cHHEL7M--py3.11/lib/python3.11/site-packages/voluptuous/schema_builder.py:595: in validate_dict
2023-10-21T14:31:34.3561420Z     return base_validate(path, iteritems(data), out)
2023-10-21T14:31:34.3562143Z _ _ _ _ _ _ _ _ _ _ _ _ _ _ _ _ _ _ _ _ _ _ _ _ _ _ _ _ _ _ _ _ _ _ _ _ _ _ _ _ 
2023-10-21T14:31:34.3562649Z 
2023-10-21T14:31:34.3562787Z path = []
2023-10-21T14:31:34.3563484Z iterable = dict_items([('teams', {'foobar': 2, 'foobaz': 1}), ('users', ['jd', 'sileht'])])
2023-10-21T14:31:34.3565437Z out = {'bot_account': None, 'random_count': None, 'teams': {_GitHubTeam(team='foobar', organization=None, raw='foobar'): 2, _GitHubTeam(team='foobaz', organization=None, raw='foobaz'): 1}, 'users_from_teams': {}}
2023-10-21T14:31:34.3566762Z 
2023-10-21T14:31:34.3566972Z     def validate_mapping(path, iterable, out):
2023-10-21T14:31:34.3567576Z         required_keys = all_required_keys.copy()
2023-10-21T14:31:34.3568066Z     
2023-10-21T14:31:34.3568532Z         # Build a map of all provided key-value pairs.
2023-10-21T14:31:34.3569261Z         # The type(out) is used to retain ordering in case a ordered
2023-10-21T14:31:34.3569929Z         # map type is provided as input.
2023-10-21T14:31:34.3570452Z         key_value_map = type(out)()
2023-10-21T14:31:34.3570936Z         for key, value in iterable:
2023-10-21T14:31:34.3571409Z             key_value_map[key] = value
2023-10-21T14:31:34.3571862Z     
2023-10-21T14:31:34.3572321Z         # Insert default values for non-existing keys.
2023-10-21T14:31:34.3572882Z         for key in all_default_keys:
2023-10-21T14:31:34.3573472Z             if not isinstance(key.default, Undefined) and \
2023-10-21T14:31:34.3574106Z                key.schema not in key_value_map:
2023-10-21T14:31:34.3574748Z                 # A default value has been specified for this missing
2023-10-21T14:31:34.3575362Z                 # key, insert it.
2023-10-21T14:31:34.3575891Z                 key_value_map[key.schema] = key.default()
2023-10-21T14:31:34.3576402Z     
2023-10-21T14:31:34.3576709Z         error = None
2023-10-21T14:31:34.3577083Z         errors = []
2023-10-21T14:31:34.3577501Z         for key, value in key_value_map.items():
2023-10-21T14:31:34.3578056Z             key_path = path + [key]
2023-10-21T14:31:34.3578531Z             remove_key = False
2023-10-21T14:31:34.3578918Z     
2023-10-21T14:31:34.3579554Z             # Optimization. Validate against the matching key first, then fallback to the rest
2023-10-21T14:31:34.3580727Z             relevant_candidates = itertools.chain(candidates_by_key.get(key, []), additional_candidates)
2023-10-21T14:31:34.3581560Z     
2023-10-21T14:31:34.3582032Z             # compare each given key/value against all compiled key/values
2023-10-21T14:31:34.3582893Z             # schema key, (compiled key, compiled value)
2023-10-21T14:31:34.3583561Z             for skey, (ckey, cvalue) in relevant_candidates:
2023-10-21T14:31:34.3584128Z                 try:
2023-10-21T14:31:34.3584529Z                     new_key = ckey(key_path, key)
2023-10-21T14:31:34.3585073Z                 except er.Invalid as e:
2023-10-21T14:31:34.3585977Z                     if len(e.path) > len(key_path):
2023-10-21T14:31:34.3586483Z                         raise
2023-10-21T14:31:34.3587013Z                     if not error or len(e.path) > len(error.path):
2023-10-21T14:31:34.3587601Z                         error = e
2023-10-21T14:31:34.3588018Z                     continue
2023-10-21T14:31:34.3588616Z                 # Backtracking is not performed once a key is selected, so if
2023-10-21T14:31:34.3589439Z                 # the value is invalid we immediately throw an exception.
2023-10-21T14:31:34.3590071Z                 exception_errors = []
2023-10-21T14:31:34.3590620Z                 # check if the key is marked for removal
2023-10-21T14:31:34.3591205Z                 is_remove = new_key is Remove
2023-10-21T14:31:34.3591679Z                 try:
2023-10-21T14:31:34.3592097Z                     cval = cvalue(key_path, value)
2023-10-21T14:31:34.3592816Z                     # include if it's not marked for removal
2023-10-21T14:31:34.3593378Z                     if not is_remove:
2023-10-21T14:31:34.3593870Z                         out[new_key] = cval
2023-10-21T14:31:34.3594356Z                     else:
2023-10-21T14:31:34.3594750Z                         remove_key = True
2023-10-21T14:31:34.3595230Z                         continue
2023-10-21T14:31:34.3597455Z                 except er.MultipleInvalid as e:
2023-10-21T14:31:34.3598040Z                     exception_errors.extend(e.errors)
2023-10-21T14:31:34.3598608Z                 except er.Invalid as e:
2023-10-21T14:31:34.3599146Z                     exception_errors.append(e)
2023-10-21T14:31:34.3599616Z     
2023-10-21T14:31:34.3599936Z                 if exception_errors:
2023-10-21T14:31:34.3600455Z                     if is_remove or remove_key:
2023-10-21T14:31:34.3600948Z                         continue
2023-10-21T14:31:34.3601420Z                     for err in exception_errors:
2023-10-21T14:31:34.3602010Z                         if len(err.path) <= len(key_path):
2023-10-21T14:31:34.3602642Z                             err.error_type = invalid_msg
2023-10-21T14:31:34.3603186Z                         errors.append(err)
2023-10-21T14:31:34.3607136Z                     # If there is a validation error for a required
2023-10-21T14:31:34.3607964Z                     # key, this means that the key was provided.
2023-10-21T14:31:34.3608698Z                     # Discard the required key so it does not
2023-10-21T14:31:34.3609432Z                     # create an additional, noisy exception.
2023-10-21T14:31:34.3610137Z                     required_keys.discard(skey)
2023-10-21T14:31:34.3610735Z                     break
2023-10-21T14:31:34.3611165Z     
2023-10-21T14:31:34.3611673Z                 # Key and value okay, mark as found in case it was
2023-10-21T14:31:34.3612366Z                 # a Required() field.
2023-10-21T14:31:34.3612938Z                 required_keys.discard(skey)
2023-10-21T14:31:34.3613509Z     
2023-10-21T14:31:34.3613901Z                 break
2023-10-21T14:31:34.3614352Z             else:
2023-10-21T14:31:34.3614772Z                 if remove_key:
2023-10-21T14:31:34.3615286Z                     # remove key
2023-10-21T14:31:34.3615807Z                     continue
2023-10-21T14:31:34.3616339Z                 elif self.extra == ALLOW_EXTRA:
2023-10-21T14:31:34.3616955Z                     out[key] = value
2023-10-21T14:31:34.3617559Z                 elif self.extra != REMOVE_EXTRA:
2023-10-21T14:31:34.3618574Z                     errors.append(er.Invalid('extra keys not allowed', key_path))
2023-10-21T14:31:34.3619612Z                     # else REMOVE_EXTRA: ignore the key so it's removed from output
2023-10-21T14:31:34.3620356Z     
2023-10-21T14:31:34.3621075Z         # for any required keys left that weren't found and don't have defaults:
2023-10-21T14:31:34.3621928Z         for key in required_keys:
2023-10-21T14:31:34.3622846Z             msg = key.msg if hasattr(key, 'msg') and key.msg else 'required key not provided'
2023-10-21T14:31:34.3624121Z             errors.append(er.RequiredFieldInvalid(msg, path + [key]))
2023-10-21T14:31:34.3625037Z         if errors:
2023-10-21T14:31:34.3625537Z >           raise er.MultipleInvalid(errors)
2023-10-21T14:31:34.3626704Z E           voluptuous.error.MultipleInvalid: GitHub login contains invalid characters: jd @ data['users'][0]
2023-10-21T14:31:34.3627584Z 
2023-10-21T14:31:34.3628784Z ../../../.cache/pypoetry/virtualenvs/mergify-engine-cHHEL7M--py3.11/lib/python3.11/site-packages/voluptuous/schema_builder.py:433: MultipleInvalid
2023-10-21T14:31:34.3630273Z ---------------------------- Captured stdout setup -----------------------------
2023-10-21T14:31:34.3631717Z 2023-10-21 14:31:07,131 [2821] INFO     mergify_engine.logs: [1m##################### CONFIGURATION ######################[0m
2023-10-21T14:31:34.3633089Z 2023-10-21 14:31:07,131 [2821] INFO     mergify_engine.logs: [1m* OPENAI_API_TOKEN: [0m
2023-10-21T14:31:34.3634415Z 2023-10-21 14:31:07,131 [2821] INFO     mergify_engine.logs: [1m* LOG_EMBEDDER_ENABLED_ORGS: [][0m
2023-10-21T14:31:34.3636889Z 2023-10-21 14:31:07,131 [2821] INFO     mergify_engine.logs: [1m* LOG_EMBEDDER_GCS_BUCKET: bucket-649f268d-042b-41a7-b445-c8298c11cedf[0m
2023-10-21T14:31:34.3638591Z 2023-10-21 14:31:07,131 [2821] INFO     mergify_engine.logs: [1m* LOG_EMBEDDER_GCS_CREDENTIALS: **********[0m
2023-10-21T14:31:34.3640007Z 2023-10-21 14:31:07,131 [2821] INFO     mergify_engine.logs: [1m* SHARED_STREAM_PROCESSES: 1[0m
2023-10-21T14:31:34.3641351Z 2023-10-21 14:31:07,131 [2821] INFO     mergify_engine.logs: [1m* DEDICATED_STREAM_PROCESSES: 1[0m
2023-10-21T14:31:34.3642754Z 2023-10-21 14:31:07,131 [2821] INFO     mergify_engine.logs: [1m* SHARED_STREAM_TASKS_PER_PROCESS: 7[0m
2023-10-21T14:31:34.3644212Z 2023-10-21 14:31:07,131 [2821] INFO     mergify_engine.logs: [1m* BUCKET_PROCESSING_MAX_SECONDS: 100000[0m
2023-10-21T14:31:34.3645637Z 2023-10-21 14:31:07,131 [2821] INFO     mergify_engine.logs: [1m* MAX_GITTER_CONCURRENT_JOBS: 20[0m
2023-10-21T14:31:34.3647009Z 2023-10-21 14:31:07,131 [2821] INFO     mergify_engine.logs: [1m* CI_DOWNLOAD_FREQUENCY: 1:00:00[0m
2023-10-21T14:31:34.3648434Z 2023-10-21 14:31:07,131 [2821] INFO     mergify_engine.logs: [1m* CI_EVENT_PROCESSING_BATCH_SIZE: 1000[0m
2023-10-21T14:31:34.3649809Z 2023-10-21 14:31:07,131 [2821] INFO     mergify_engine.logs: [1m* CI_EVENT_INGESTION: True[0m
2023-10-21T14:31:34.3651133Z 2023-10-21 14:31:07,131 [2821] INFO     mergify_engine.logs: [1m* CI_DOWNLOAD_BATCH_SIZE: 50[0m
2023-10-21T14:31:34.3652561Z 2023-10-21 14:31:07,131 [2821] INFO     mergify_engine.logs: [1m* GITHUB_IN_POSTGRES_EVENTS_INGESTION: True[0m
2023-10-21T14:31:34.3654118Z 2023-10-21 14:31:07,131 [2821] INFO     mergify_engine.logs: [1m* GITHUB_IN_POSTGRES_PROCESSING_BATCH_SIZE: 1000[0m
2023-10-21T14:31:34.3655628Z 2023-10-21 14:31:07,131 [2821] INFO     mergify_engine.logs: [1m* EVENTLOG_EVENTS_REDIS_INGESTION: True[0m
2023-10-21T14:31:34.3656940Z 2023-10-21 14:31:07,131 [2821] INFO     mergify_engine.logs: [1m* SAAS_MODE: True[0m
2023-10-21T14:31:34.3658352Z 2023-10-21 14:31:07,131 [2821] INFO     mergify_engine.logs: [1m* SUBSCRIPTION_URL: http://localhost:5000[0m
2023-10-21T14:31:34.3659864Z 2023-10-21 14:31:07,132 [2821] INFO     mergify_engine.logs: [1m* ENGINE_TO_SHADOW_OFFICE_API_KEY: **********[0m
2023-10-21T14:31:34.3661269Z 2023-10-21 14:31:07,132 [2821] INFO     mergify_engine.logs: [1m* SUBSCRIPTION_TOKEN: None[0m
2023-10-21T14:31:34.3662701Z 2023-10-21 14:31:07,132 [2821] INFO     mergify_engine.logs: [1m* SHADOW_OFFICE_TO_ENGINE_API_KEY: **********[0m
2023-10-21T14:31:34.3664288Z 2023-10-21 14:31:07,132 [2821] INFO     mergify_engine.logs: [1m* SHADOW_OFFICE_TO_ENGINE_API_KEY_PRE_ROTATION: None[0m
2023-10-21T14:31:34.3665681Z 2023-10-21 14:31:07,132 [2821] INFO     mergify_engine.logs: [1m* ACCOUNT_TOKENS: [][0m
2023-10-21T14:31:34.3666945Z 2023-10-21 14:31:07,132 [2821] INFO     mergify_engine.logs: [1m* APPLICATION_APIKEYS: {}[0m
2023-10-21T14:31:34.3668368Z 2023-10-21 14:31:07,132 [2821] INFO     mergify_engine.logs: [1m* DASHBOARD_UI_STATIC_FILES_DIRECTORY: None[0m
2023-10-21T14:31:34.3670271Z 2023-10-21 14:31:07,132 [2821] INFO     mergify_engine.logs: [1m* DASHBOARD_UI_FRONT_URL: http://localhost:3000[0m
2023-10-21T14:31:34.3671819Z 2023-10-21 14:31:07,132 [2821] INFO     mergify_engine.logs: [1m* DASHBOARD_UI_SESSION_EXPIRATION_HOURS: 24[0m
2023-10-21T14:31:34.3673210Z 2023-10-21 14:31:07,132 [2821] INFO     mergify_engine.logs: [1m* DASHBOARD_UI_FEATURES: [][0m
2023-10-21T14:31:34.3674618Z 2023-10-21 14:31:07,132 [2821] INFO     mergify_engine.logs: [1m* DASHBOARD_UI_DATADOG_CLIENT_TOKEN: None[0m
2023-10-21T14:31:34.3676245Z 2023-10-21 14:31:07,132 [2821] INFO     mergify_engine.logs: [1m* DASHBOARD_UI_GITHUB_IDS_ALLOWED_TO_SUDO: [][0m
2023-10-21T14:31:34.3677709Z 2023-10-21 14:31:07,132 [2821] INFO     mergify_engine.logs: [1m* GITHUB_URL: https://github.com[0m
2023-10-21T14:31:34.3678980Z 2023-10-21 14:31:07,132 [2821] INFO     mergify_engine.logs: [1m* GITHUB_APP_ID: 0[0m
2023-10-21T14:31:34.3680292Z 2023-10-21 14:31:07,132 [2821] INFO     mergify_engine.logs: [1m* GITHUB_PRIVATE_KEY: **********[0m
2023-10-21T14:31:34.3681635Z 2023-10-21 14:31:07,132 [2821] INFO     mergify_engine.logs: [1m* GITHUB_OAUTH_CLIENT_ID: X[0m
2023-10-21T14:31:34.3683040Z 2023-10-21 14:31:07,132 [2821] INFO     mergify_engine.logs: [1m* GITHUB_OAUTH_CLIENT_SECRET: **********[0m
2023-10-21T14:31:34.3684452Z 2023-10-21 14:31:07,132 [2821] INFO     mergify_engine.logs: [1m* GITHUB_WEBHOOK_SECRET: **********[0m
2023-10-21T14:31:34.3685917Z 2023-10-21 14:31:07,132 [2821] INFO     mergify_engine.logs: [1m* GITHUB_WEBHOOK_SECRET_PRE_ROTATION: None[0m
2023-10-21T14:31:34.3687368Z 2023-10-21 14:31:07,132 [2821] INFO     mergify_engine.logs: [1m* GITHUB_WEBHOOK_FORWARD_URL: None[0m
2023-10-21T14:31:34.3688818Z 2023-10-21 14:31:07,132 [2821] INFO     mergify_engine.logs: [1m* GITHUB_WEBHOOK_FORWARD_EVENT_TYPES: [][0m
2023-10-21T14:31:34.3690297Z 2023-10-21 14:31:07,132 [2821] INFO     mergify_engine.logs: [1m* REDIS_SSL_VERIFY_MODE_CERT_NONE: False[0m
2023-10-21T14:31:34.3691774Z 2023-10-21 14:31:07,132 [2821] INFO     mergify_engine.logs: [1m* REDIS_CRYPTO_SECRET_CURRENT: **********[0m
2023-10-21T14:31:34.3693188Z 2023-10-21 14:31:07,132 [2821] INFO     mergify_engine.logs: [1m* REDIS_CRYPTO_SECRET_OLD: None[0m
2023-10-21T14:31:34.3694478Z 2023-10-21 14:31:07,132 [2821] INFO     mergify_engine.logs: [1m* STORAGE_URL: None[0m
2023-10-21T14:31:34.3695875Z 2023-10-21 14:31:07,132 [2821] INFO     mergify_engine.logs: [1m* DEFAULT_REDIS_URL: redis://localhost:6363[0m
2023-10-21T14:31:34.3697407Z 2023-10-21 14:31:07,132 [2821] INFO     mergify_engine.logs: [1m* ENV_STREAM_URL: redis://localhost:6363?db=3[0m
2023-10-21T14:31:34.3698978Z 2023-10-21 14:31:07,133 [2821] INFO     mergify_engine.logs: [1m* ENV_EVENTLOGS_URL: redis://localhost:6363?db=8[0m
2023-10-21T14:31:34.3700544Z 2023-10-21 14:31:07,133 [2821] INFO     mergify_engine.logs: [1m* ENV_QUEUE_URL: redis://localhost:6363?db=4[0m
2023-10-21T14:31:34.3702088Z 2023-10-21 14:31:07,133 [2821] INFO     mergify_engine.logs: [1m* ENV_CACHE_URL: redis://localhost:6363?db=2[0m
2023-10-21T14:31:34.3703716Z 2023-10-21 14:31:07,133 [2821] INFO     mergify_engine.logs: [1m* ENV_TEAM_PERMISSIONS_CACHE_URL: redis://localhost:6363?db=6[0m
2023-10-21T14:31:34.3705442Z 2023-10-21 14:31:07,133 [2821] INFO     mergify_engine.logs: [1m* ENV_TEAM_MEMBERS_CACHE_URL: redis://localhost:6363?db=5[0m
2023-10-21T14:31:34.3707161Z 2023-10-21 14:31:07,133 [2821] INFO     mergify_engine.logs: [1m* ENV_USER_PERMISSIONS_CACHE_URL: redis://localhost:6363?db=7[0m
2023-10-21T14:31:34.3708839Z 2023-10-21 14:31:07,133 [2821] INFO     mergify_engine.logs: [1m* ENV_ACTIVE_USERS_URL: redis://localhost:6363?db=9[0m
2023-10-21T14:31:34.3710446Z 2023-10-21 14:31:07,133 [2821] INFO     mergify_engine.logs: [1m* ENV_STATISTICS_URL: redis://localhost:6363?db=10[0m
2023-10-21T14:31:34.3712074Z 2023-10-21 14:31:07,133 [2821] INFO     mergify_engine.logs: [1m* ENV_AUTHENTICATION_URL: redis://localhost:6363?db=11[0m
2023-10-21T14:31:34.3713764Z 2023-10-21 14:31:07,133 [2821] INFO     mergify_engine.logs: [1m* LOG_LEVEL: 20[0m
2023-10-21T14:31:34.3714953Z 2023-10-21 14:31:07,133 [2821] INFO     mergify_engine.logs: [1m* LOG_STDOUT: True[0m
2023-10-21T14:31:34.3716399Z 2023-10-21 14:31:07,133 [2821] INFO     mergify_engine.logs: [1m* LOG_STDOUT_LEVEL: None[0m
2023-10-21T14:31:34.3717627Z 2023-10-21 14:31:07,133 [2821] INFO     mergify_engine.logs: [1m* LOG_DATADOG: False[0m
2023-10-21T14:31:34.3718894Z 2023-10-21 14:31:07,133 [2821] INFO     mergify_engine.logs: [1m* LOG_DATADOG_LEVEL: None[0m
2023-10-21T14:31:34.3720208Z 2023-10-21 14:31:07,133 [2821] INFO     mergify_engine.logs: [1m* LOG_DEBUG_LOGGER_NAMES: [][0m
2023-10-21T14:31:34.3721508Z 2023-10-21 14:31:07,133 [2821] INFO     mergify_engine.logs: [1m* SENTRY_URL: None[0m
2023-10-21T14:31:34.3722794Z 2023-10-21 14:31:07,133 [2821] INFO     mergify_engine.logs: [1m* SENTRY_ENVIRONMENT: test[0m
2023-10-21T14:31:34.3724422Z 2023-10-21 14:31:07,133 [2821] INFO     mergify_engine.logs: [1m* DATABASE_URL: postgresql+psycopg://***@localhost:5432/postgres0[0m
2023-10-21T14:31:34.3726139Z 2023-10-21 14:31:07,133 [2821] INFO     mergify_engine.logs: [1m* DATABASE_POOL_SIZES: {'worker': 15, 'web': 55}[0m
2023-10-21T14:31:34.3727699Z 2023-10-21 14:31:07,133 [2821] INFO     mergify_engine.logs: [1m* DATABASE_OAUTH_TOKEN_SECRET_CURRENT: **********[0m
2023-10-21T14:31:34.3729208Z 2023-10-21 14:31:07,133 [2821] INFO     mergify_engine.logs: [1m* DATABASE_OAUTH_TOKEN_SECRET_OLD: None[0m
2023-10-21T14:31:34.3730585Z 2023-10-21 14:31:07,133 [2821] INFO     mergify_engine.logs: [1m* HTTP_TRUSTED_HOSTS: ['*'][0m
2023-10-21T14:31:34.3731836Z 2023-10-21 14:31:07,133 [2821] INFO     mergify_engine.logs: [1m* API_ENABLE: True[0m
2023-10-21T14:31:34.3733162Z 2023-10-21 14:31:07,133 [2821] INFO     mergify_engine.logs: [1m* REDIS_STREAM_WEB_MAX_CONNECTIONS: 50[0m
2023-10-21T14:31:34.3734627Z 2023-10-21 14:31:07,134 [2821] INFO     mergify_engine.logs: [1m* REDIS_CACHE_WEB_MAX_CONNECTIONS: 50[0m
2023-10-21T14:31:34.3736087Z 2023-10-21 14:31:07,134 [2821] INFO     mergify_engine.logs: [1m* REDIS_QUEUE_WEB_MAX_CONNECTIONS: 50[0m
2023-10-21T14:31:34.3737560Z 2023-10-21 14:31:07,134 [2821] INFO     mergify_engine.logs: [1m* REDIS_EVENTLOGS_WEB_MAX_CONNECTIONS: 50[0m
2023-10-21T14:31:34.3739030Z 2023-10-21 14:31:07,134 [2821] INFO     mergify_engine.logs: [1m* REDIS_STATS_WEB_MAX_CONNECTIONS: 50[0m
2023-10-21T14:31:34.3740493Z 2023-10-21 14:31:07,134 [2821] INFO     mergify_engine.logs: [1m* REDIS_ACTIVE_USERS_WEB_MAX_CONNECTIONS: 50[0m
2023-10-21T14:31:34.3742042Z 2023-10-21 14:31:07,134 [2821] INFO     mergify_engine.logs: [1m* REDIS_AUTHENTICATION_WEB_MAX_CONNECTIONS: 50[0m
2023-10-21T14:31:34.3743422Z 2023-10-21 14:31:07,134 [2821] INFO     mergify_engine.logs: [1m* VERSION: dev[0m
2023-10-21T14:31:34.3744581Z 2023-10-21 14:31:07,134 [2821] INFO     mergify_engine.logs: [1m* SHA: unknown[0m
2023-10-21T14:31:34.3745853Z 2023-10-21 14:31:07,134 [2821] INFO     mergify_engine.logs: [1m* HEALTHCHECK_SHARED_TOKEN: None[0m
2023-10-21T14:31:34.3747410Z 2023-10-21 14:31:07,134 [2821] INFO     mergify_engine.logs: [1m* ALLOW_REQUIRE_BRANCH_PROTECTION_QUEUE_ATTRIBUTE: True[0m
2023-10-21T14:31:34.3751977Z 2023-10-21 14:31:07,134 [2821] INFO     mergify_engine.logs: [1m* PATH: /home/runner/.cache/pypoetry/virtualenvs/mergify-engine-cHHEL7M--py3.11/bin:/opt/hostedtoolcache/Python/3.11.4/x64/bin:/opt/hostedtoolcache/Python/3.11.4/x64:/home/runner/.local/bin:/opt/pipx_bin:/home/runner/.cargo/bin:/home/runner/.config/composer/vendor/bin:/usr/local/.ghcup/bin:/home/runner/.dotnet/tools:/snap/bin:/usr/local/sbin:/usr/local/bin:/usr/sbin:/usr/bin:/sbin:/bin:/usr/games:/usr/local/games:/snap/bin[0m
2023-10-21T14:31:34.3756511Z 2023-10-21 14:31:07,134 [2821] INFO     mergify_engine.logs: [1m##########################################################[0m
2023-10-21T14:31:34.3757768Z ___________________ test_github_team_ok[@foo/ba-r-foo-ba-r] ____________________
2023-10-21T14:31:34.3758739Z 
2023-10-21T14:31:34.3759691Z self = <Schema(All(<class 'str'>, Coerce(from_string, msg=None), msg=None), extra=PREVENT_EXTRA, required=False) object at 0x7f933ccbb650>
2023-10-21T14:31:34.3760792Z data = '@foo/ba-r'
2023-10-21T14:31:34.3761014Z 
2023-10-21T14:31:34.3761159Z     def __call__(self, data):
2023-10-21T14:31:34.3761750Z         """Validate data against this schema."""
2023-10-21T14:31:34.3762348Z         try:
2023-10-21T14:31:34.3762810Z >           return self._compiled([], data)
2023-10-21T14:31:34.3763248Z 
2023-10-21T14:31:34.3764274Z ../../../.cache/pypoetry/virtualenvs/mergify-engine-cHHEL7M--py3.11/lib/python3.11/site-packages/voluptuous/schema_builder.py:272: 
2023-10-21T14:31:34.3765585Z _ _ _ _ _ _ _ _ _ _ _ _ _ _ _ _ _ _ _ _ _ _ _ _ _ _ _ _ _ _ _ _ _ _ _ _ _ _ _ _ 
2023-10-21T14:31:34.3767133Z ../../../.cache/pypoetry/virtualenvs/mergify-engine-cHHEL7M--py3.11/lib/python3.11/site-packages/voluptuous/validators.py:229: in _run
2023-10-21T14:31:34.3768479Z     return self._exec(self._compiled, value, path)
2023-10-21T14:31:34.3769928Z ../../../.cache/pypoetry/virtualenvs/mergify-engine-cHHEL7M--py3.11/lib/python3.11/site-packages/voluptuous/validators.py:355: in _exec
2023-10-21T14:31:34.3771384Z     raise e if self.msg is None else AllInvalid(self.msg, path=path)
2023-10-21T14:31:34.3772956Z ../../../.cache/pypoetry/virtualenvs/mergify-engine-cHHEL7M--py3.11/lib/python3.11/site-packages/voluptuous/validators.py:353: in _exec
2023-10-21T14:31:34.3774207Z     v = func(path, v)
2023-10-21T14:31:34.3775603Z ../../../.cache/pypoetry/virtualenvs/mergify-engine-cHHEL7M--py3.11/lib/python3.11/site-packages/voluptuous/schema_builder.py:818: in validate_callable
2023-10-21T14:31:34.3776969Z     return schema(data)
2023-10-21T14:31:34.3778298Z ../../../.cache/pypoetry/virtualenvs/mergify-engine-cHHEL7M--py3.11/lib/python3.11/site-packages/voluptuous/validators.py:107: in __call__
2023-10-21T14:31:34.3779576Z     return self.type(v)
2023-10-21T14:31:34.3780128Z mergify_engine/rules/types.py:129: in from_string
2023-10-21T14:31:34.3780906Z     final_org = _check_GitHubLogin_format(org, "organization")
2023-10-21T14:31:34.3781750Z _ _ _ _ _ _ _ _ _ _ _ _ _ _ _ _ _ _ _ _ _ _ _ _ _ _ _ _ _ _ _ _ _ _ _ _ _ _ _ _ 
2023-10-21T14:31:34.3782323Z 
2023-10-21T14:31:34.3782645Z value = 'foo', _type = 'organization'
2023-10-21T14:31:34.3782988Z 
2023-10-21T14:31:34.3783252Z     def _check_GitHubLogin_format(
2023-10-21T14:31:34.3783789Z         value: str | None,
2023-10-21T14:31:34.3784428Z         _type: typing.Literal["login", "organization"] = "login",
2023-10-21T14:31:34.3876858Z     ) -> github_types.GitHubLogin:
2023-10-21T14:31:34.3877524Z         # GitHub says login cannot:
2023-10-21T14:31:34.3878151Z         # - start with an hyphen
2023-10-21T14:31:34.3878740Z         # - ends with an hyphen
2023-10-21T14:31:34.3879591Z         # - contains something else than hyphen and alpha numericals characters
2023-10-21T14:31:34.3880391Z         if not value:
2023-10-21T14:31:34.3881120Z             raise voluptuous.Invalid(f"A GitHub {_type} cannot be an empty string")
2023-10-21T14:31:34.3881999Z         if not utils.is_valid_github_login(value):
2023-10-21T14:31:34.3882933Z >           raise voluptuous.Invalid(f"GitHub {_type} contains invalid characters: {value}")
2023-10-21T14:31:34.3884099Z E           voluptuous.error.Invalid: GitHub organization contains invalid characters: foo
2023-10-21T14:31:34.3884853Z 
2023-10-21T14:31:34.3887484Z mergify_engine/rules/types.py:94: Invalid
2023-10-21T14:31:34.3887986Z 
2023-10-21T14:31:34.3911114Z During handling of the above exception, another exception occurred:
2023-10-21T14:31:34.3911789Z 
2023-10-21T14:31:34.3912249Z login = '@foo/ba-r', org = 'foo', slug = 'ba-r'
2023-10-21T14:31:34.3912643Z 
2023-10-21T14:31:34.3912909Z     @pytest.mark.parametrize(
2023-10-21T14:31:34.3913429Z         "login,org,slug",
2023-10-21T14:31:34.3913900Z         (
2023-10-21T14:31:34.3914324Z             ("foobar", None, "foobar"),
2023-10-21T14:31:34.3915533Z             ("foobaz", None, "foobaz"),
2023-10-21T14:31:34.3916205Z             ("foo-baz", None, "foo-baz"),
2023-10-21T14:31:34.3916787Z             ("f123", None, "f123"),
2023-10-21T14:31:34.3917339Z             ("foo/bar", "foo", "bar"),
2023-10-21T14:31:34.3917883Z             ("@foo/bar", "foo", "bar"),
2023-10-21T14:31:34.3918515Z             ("@fo-o/bar", "fo-o", "bar"),
2023-10-21T14:31:34.3919158Z             ("@fo-o/ba-r", "fo-o", "ba-r"),
2023-10-21T14:31:34.3919786Z             ("@foo/ba-r", "foo", "ba-r"),
2023-10-21T14:31:34.3920407Z             ("under_score", None, "under_score"),
2023-10-21T14:31:34.3921000Z         ),
2023-10-21T14:31:34.3921413Z     )
2023-10-21T14:31:34.3922044Z     def test_github_team_ok(login: str, org: str, slug: str) -> None:
2023-10-21T14:31:34.3922911Z >       team = voluptuous.Schema(types.GitHubTeam)(login)
2023-10-21T14:31:34.3923450Z 
2023-10-21T14:31:34.3923735Z mergify_engine/tests/unit/rules/test_types.py:118: 
2023-10-21T14:31:34.3924484Z _ _ _ _ _ _ _ _ _ _ _ _ _ _ _ _ _ _ _ _ _ _ _ _ _ _ _ _ _ _ _ _ _ _ _ _ _ _ _ _ 
2023-10-21T14:31:34.3924984Z 
2023-10-21T14:31:34.3925972Z self = <Schema(All(<class 'str'>, Coerce(from_string, msg=None), msg=None), extra=PREVENT_EXTRA, required=False) object at 0x7f933ccbb650>
2023-10-21T14:31:34.3927160Z data = '@foo/ba-r'
2023-10-21T14:31:34.3927482Z 
2023-10-21T14:31:34.3927694Z     def __call__(self, data):
2023-10-21T14:31:34.3928218Z         """Validate data against this schema."""
2023-10-21T14:31:34.3928791Z         try:
2023-10-21T14:31:34.3929246Z             return self._compiled([], data)
2023-10-21T14:31:34.3929870Z         except er.MultipleInvalid:
2023-10-21T14:31:34.3930385Z             raise
2023-10-21T14:31:34.3930834Z         except er.Invalid as e:
2023-10-21T14:31:34.3931398Z >           raise er.MultipleInvalid([e])
2023-10-21T14:31:34.3932363Z E           voluptuous.error.MultipleInvalid: GitHub organization contains invalid characters: foo
2023-10-21T14:31:34.3933159Z 
2023-10-21T14:31:34.3986725Z ../../../.cache/pypoetry/virtualenvs/mergify-engine-cHHEL7M--py3.11/lib/python3.11/site-packages/voluptuous/schema_builder.py:276: MultipleInvalid
2023-10-21T14:31:34.3988380Z ---------------------------- Captured stdout setup -----------------------------
2023-10-21T14:31:34.3989870Z 2023-10-21 14:31:32,333 [2821] INFO     mergify_engine.logs: [1m##################### CONFIGURATION ######################[0m
2023-10-21T14:31:34.3991260Z 2023-10-21 14:31:32,333 [2821] INFO     mergify_engine.logs: [1m* OPENAI_API_TOKEN: [0m
2023-10-21T14:31:34.3992570Z 2023-10-21 14:31:32,333 [2821] INFO     mergify_engine.logs: [1m* LOG_EMBEDDER_ENABLED_ORGS: [][0m
2023-10-21T14:31:34.3994193Z 2023-10-21 14:31:32,333 [2821] INFO     mergify_engine.logs: [1m* LOG_EMBEDDER_GCS_BUCKET: bucket-78743e4a-0a35-4bce-8456-674e05f3467a[0m
2023-10-21T14:31:34.3995973Z 2023-10-21 14:31:32,333 [2821] INFO     mergify_engine.logs: [1m* LOG_EMBEDDER_GCS_CREDENTIALS: **********[0m
2023-10-21T14:31:34.3997406Z 2023-10-21 14:31:32,333 [2821] INFO     mergify_engine.logs: [1m* SHARED_STREAM_PROCESSES: 1[0m
2023-10-21T14:31:34.3998790Z 2023-10-21 14:31:32,333 [2821] INFO     mergify_engine.logs: [1m* DEDICATED_STREAM_PROCESSES: 1[0m
2023-10-21T14:31:34.4000181Z 2023-10-21 14:31:32,333 [2821] INFO     mergify_engine.logs: [1m* SHARED_STREAM_TASKS_PER_PROCESS: 7[0m
2023-10-21T14:31:34.4001636Z 2023-10-21 14:31:32,333 [2821] INFO     mergify_engine.logs: [1m* BUCKET_PROCESSING_MAX_SECONDS: 100000[0m
2023-10-21T14:31:34.4003063Z 2023-10-21 14:31:32,334 [2821] INFO     mergify_engine.logs: [1m* MAX_GITTER_CONCURRENT_JOBS: 20[0m
2023-10-21T14:31:34.4004452Z 2023-10-21 14:31:32,334 [2821] INFO     mergify_engine.logs: [1m* CI_DOWNLOAD_FREQUENCY: 1:00:00[0m
2023-10-21T14:31:34.4005871Z 2023-10-21 14:31:32,334 [2821] INFO     mergify_engine.logs: [1m* CI_EVENT_PROCESSING_BATCH_SIZE: 1000[0m
2023-10-21T14:31:34.4007225Z 2023-10-21 14:31:32,334 [2821] INFO     mergify_engine.logs: [1m* CI_EVENT_INGESTION: True[0m
2023-10-21T14:31:34.4008997Z 2023-10-21 14:31:32,334 [2821] INFO     mergify_engine.logs: [1m* CI_DOWNLOAD_BATCH_SIZE: 50[0m
2023-10-21T14:31:34.4010427Z 2023-10-21 14:31:32,334 [2821] INFO     mergify_engine.logs: [1m* GITHUB_IN_POSTGRES_EVENTS_INGESTION: True[0m
2023-10-21T14:31:34.4011976Z 2023-10-21 14:31:32,334 [2821] INFO     mergify_engine.logs: [1m* GITHUB_IN_POSTGRES_PROCESSING_BATCH_SIZE: 1000[0m
2023-10-21T14:31:34.4013480Z 2023-10-21 14:31:32,334 [2821] INFO     mergify_engine.logs: [1m* EVENTLOG_EVENTS_REDIS_INGESTION: True[0m
2023-10-21T14:31:34.4014799Z 2023-10-21 14:31:32,334 [2821] INFO     mergify_engine.logs: [1m* SAAS_MODE: True[0m
2023-10-21T14:31:34.4016187Z 2023-10-21 14:31:32,334 [2821] INFO     mergify_engine.logs: [1m* SUBSCRIPTION_URL: http://localhost:5000[0m
2023-10-21T14:31:34.4017702Z 2023-10-21 14:31:32,334 [2821] INFO     mergify_engine.logs: [1m* ENGINE_TO_SHADOW_OFFICE_API_KEY: **********[0m
2023-10-21T14:31:34.4019088Z 2023-10-21 14:31:32,334 [2821] INFO     mergify_engine.logs: [1m* SUBSCRIPTION_TOKEN: None[0m
2023-10-21T14:31:34.4020518Z 2023-10-21 14:31:32,334 [2821] INFO     mergify_engine.logs: [1m* SHADOW_OFFICE_TO_ENGINE_API_KEY: **********[0m
2023-10-21T14:31:34.4022130Z 2023-10-21 14:31:32,334 [2821] INFO     mergify_engine.logs: [1m* SHADOW_OFFICE_TO_ENGINE_API_KEY_PRE_ROTATION: None[0m
2023-10-21T14:31:34.4023823Z 2023-10-21 14:31:32,334 [2821] INFO     mergify_engine.logs: [1m* ACCOUNT_TOKENS: [][0m
2023-10-21T14:31:34.4025132Z 2023-10-21 14:31:32,334 [2821] INFO     mergify_engine.logs: [1m* APPLICATION_APIKEYS: {}[0m
2023-10-21T14:31:34.4026529Z 2023-10-21 14:31:32,334 [2821] INFO     mergify_engine.logs: [1m* DASHBOARD_UI_STATIC_FILES_DIRECTORY: None[0m
2023-10-21T14:31:34.4028087Z 2023-10-21 14:31:32,334 [2821] INFO     mergify_engine.logs: [1m* DASHBOARD_UI_FRONT_URL: http://localhost:3000[0m
2023-10-21T14:31:34.4029642Z 2023-10-21 14:31:32,334 [2821] INFO     mergify_engine.logs: [1m* DASHBOARD_UI_SESSION_EXPIRATION_HOURS: 24[0m
2023-10-21T14:31:34.4031070Z 2023-10-21 14:31:32,334 [2821] INFO     mergify_engine.logs: [1m* DASHBOARD_UI_FEATURES: [][0m
2023-10-21T14:31:34.4032471Z 2023-10-21 14:31:32,334 [2821] INFO     mergify_engine.logs: [1m* DASHBOARD_UI_DATADOG_CLIENT_TOKEN: None[0m
2023-10-21T14:31:34.4033982Z 2023-10-21 14:31:32,334 [2821] INFO     mergify_engine.logs: [1m* DASHBOARD_UI_GITHUB_IDS_ALLOWED_TO_SUDO: [][0m
2023-10-21T14:31:34.4035522Z 2023-10-21 14:31:32,334 [2821] INFO     mergify_engine.logs: [1m* GITHUB_URL: https://github.com[0m
2023-10-21T14:31:34.4036835Z 2023-10-21 14:31:32,334 [2821] INFO     mergify_engine.logs: [1m* GITHUB_APP_ID: 0[0m
2023-10-21T14:31:34.4038137Z 2023-10-21 14:31:32,334 [2821] INFO     mergify_engine.logs: [1m* GITHUB_PRIVATE_KEY: **********[0m
2023-10-21T14:31:34.4039463Z 2023-10-21 14:31:32,334 [2821] INFO     mergify_engine.logs: [1m* GITHUB_OAUTH_CLIENT_ID: X[0m
2023-10-21T14:31:34.4040867Z 2023-10-21 14:31:32,334 [2821] INFO     mergify_engine.logs: [1m* GITHUB_OAUTH_CLIENT_SECRET: **********[0m
2023-10-21T14:31:34.4042317Z 2023-10-21 14:31:32,334 [2821] INFO     mergify_engine.logs: [1m* GITHUB_WEBHOOK_SECRET: **********[0m
2023-10-21T14:31:34.4043777Z 2023-10-21 14:31:32,335 [2821] INFO     mergify_engine.logs: [1m* GITHUB_WEBHOOK_SECRET_PRE_ROTATION: None[0m
2023-10-21T14:31:34.4045210Z 2023-10-21 14:31:32,335 [2821] INFO     mergify_engine.logs: [1m* GITHUB_WEBHOOK_FORWARD_URL: None[0m
2023-10-21T14:31:34.4046649Z 2023-10-21 14:31:32,335 [2821] INFO     mergify_engine.logs: [1m* GITHUB_WEBHOOK_FORWARD_EVENT_TYPES: [][0m
2023-10-21T14:31:34.4048131Z 2023-10-21 14:31:32,335 [2821] INFO     mergify_engine.logs: [1m* REDIS_SSL_VERIFY_MODE_CERT_NONE: False[0m
2023-10-21T14:31:34.4049603Z 2023-10-21 14:31:32,335 [2821] INFO     mergify_engine.logs: [1m* REDIS_CRYPTO_SECRET_CURRENT: **********[0m
2023-10-21T14:31:34.4051001Z 2023-10-21 14:31:32,335 [2821] INFO     mergify_engine.logs: [1m* REDIS_CRYPTO_SECRET_OLD: None[0m
2023-10-21T14:31:34.4052477Z 2023-10-21 14:31:32,335 [2821] INFO     mergify_engine.logs: [1m* STORAGE_URL: None[0m
2023-10-21T14:31:34.4054035Z 2023-10-21 14:31:32,335 [2821] INFO     mergify_engine.logs: [1m* DEFAULT_REDIS_URL: redis://localhost:6363[0m
2023-10-21T14:31:34.4055586Z 2023-10-21 14:31:32,335 [2821] INFO     mergify_engine.logs: [1m* ENV_STREAM_URL: redis://localhost:6363?db=3[0m
2023-10-21T14:31:34.4059541Z 2023-10-21 14:31:32,335 [2821] INFO     mergify_engine.logs: [1m* ENV_EVENTLOGS_URL: redis://localhost:6363?db=8[0m
2023-10-21T14:31:34.4064616Z 2023-10-21 14:31:32,335 [2821] INFO     mergify_engine.logs: [1m* ENV_QUEUE_URL: redis://localhost:6363?db=4[0m
2023-10-21T14:31:34.4069154Z 2023-10-21 14:31:32,335 [2821] INFO     mergify_engine.logs: [1m* ENV_CACHE_URL: redis://localhost:6363?db=2[0m
2023-10-21T14:31:34.4072855Z 2023-10-21 14:31:32,335 [2821] INFO     mergify_engine.logs: [1m* ENV_TEAM_PERMISSIONS_CACHE_URL: redis://localhost:6363?db=6[0m
2023-10-21T14:31:34.4074734Z 2023-10-21 14:31:32,335 [2821] INFO     mergify_engine.logs: [1m* ENV_TEAM_MEMBERS_CACHE_URL: redis://localhost:6363?db=5[0m
2023-10-21T14:31:34.4078895Z 2023-10-21 14:31:32,335 [2821] INFO     mergify_engine.logs: [1m* ENV_USER_PERMISSIONS_CACHE_URL: redis://localhost:6363?db=7[0m
2023-10-21T14:31:34.4080500Z 2023-10-21 14:31:32,335 [2821] INFO     mergify_engine.logs: [1m* ENV_ACTIVE_USERS_URL: redis://localhost:6363?db=9[0m
2023-10-21T14:31:34.4082026Z 2023-10-21 14:31:32,335 [2821] INFO     mergify_engine.logs: [1m* ENV_STATISTICS_URL: redis://localhost:6363?db=10[0m
2023-10-21T14:31:34.4083581Z 2023-10-21 14:31:32,335 [2821] INFO     mergify_engine.logs: [1m* ENV_AUTHENTICATION_URL: redis://localhost:6363?db=11[0m
2023-10-21T14:31:34.4084878Z 2023-10-21 14:31:32,335 [2821] INFO     mergify_engine.logs: [1m* LOG_LEVEL: 20[0m
2023-10-21T14:31:34.4085987Z 2023-10-21 14:31:32,335 [2821] INFO     mergify_engine.logs: [1m* LOG_STDOUT: True[0m
2023-10-21T14:31:34.4087153Z 2023-10-21 14:31:32,335 [2821] INFO     mergify_engine.logs: [1m* LOG_STDOUT_LEVEL: None[0m
2023-10-21T14:31:34.4088341Z 2023-10-21 14:31:32,335 [2821] INFO     mergify_engine.logs: [1m* LOG_DATADOG: False[0m
2023-10-21T14:31:34.4089507Z 2023-10-21 14:31:32,336 [2821] INFO     mergify_engine.logs: [1m* LOG_DATADOG_LEVEL: None[0m
2023-10-21T14:31:34.4090732Z 2023-10-21 14:31:32,336 [2821] INFO     mergify_engine.logs: [1m* LOG_DEBUG_LOGGER_NAMES: [][0m
2023-10-21T14:31:34.4091908Z 2023-10-21 14:31:32,336 [2821] INFO     mergify_engine.logs: [1m* SENTRY_URL: None[0m
2023-10-21T14:31:34.4093061Z 2023-10-21 14:31:32,336 [2821] INFO     mergify_engine.logs: [1m* SENTRY_ENVIRONMENT: test[0m
2023-10-21T14:31:34.4094580Z 2023-10-21 14:31:32,336 [2821] INFO     mergify_engine.logs: [1m* DATABASE_URL: postgresql+psycopg://***@localhost:5432/postgres0[0m
2023-10-21T14:31:34.4096195Z 2023-10-21 14:31:32,336 [2821] INFO     mergify_engine.logs: [1m* DATABASE_POOL_SIZES: {'worker': 15, 'web': 55}[0m
2023-10-21T14:31:34.4097680Z 2023-10-21 14:31:32,336 [2821] INFO     mergify_engine.logs: [1m* DATABASE_OAUTH_TOKEN_SECRET_CURRENT: **********[0m
2023-10-21T14:31:34.4099096Z 2023-10-21 14:31:32,336 [2821] INFO     mergify_engine.logs: [1m* DATABASE_OAUTH_TOKEN_SECRET_OLD: None[0m
2023-10-21T14:31:34.4100388Z 2023-10-21 14:31:32,336 [2821] INFO     mergify_engine.logs: [1m* HTTP_TRUSTED_HOSTS: ['*'][0m
2023-10-21T14:31:34.4101558Z 2023-10-21 14:31:32,336 [2821] INFO     mergify_engine.logs: [1m* API_ENABLE: True[0m
2023-10-21T14:31:34.4102800Z 2023-10-21 14:31:32,336 [2821] INFO     mergify_engine.logs: [1m* REDIS_STREAM_WEB_MAX_CONNECTIONS: 50[0m
2023-10-21T14:31:34.4104161Z 2023-10-21 14:31:32,336 [2821] INFO     mergify_engine.logs: [1m* REDIS_CACHE_WEB_MAX_CONNECTIONS: 50[0m
2023-10-21T14:31:34.4105515Z 2023-10-21 14:31:32,336 [2821] INFO     mergify_engine.logs: [1m* REDIS_QUEUE_WEB_MAX_CONNECTIONS: 50[0m
2023-10-21T14:31:34.4106904Z 2023-10-21 14:31:32,336 [2821] INFO     mergify_engine.logs: [1m* REDIS_EVENTLOGS_WEB_MAX_CONNECTIONS: 50[0m
2023-10-21T14:31:34.4108977Z 2023-10-21 14:31:32,336 [2821] INFO     mergify_engine.logs: [1m* REDIS_STATS_WEB_MAX_CONNECTIONS: 50[0m
2023-10-21T14:31:34.4110381Z 2023-10-21 14:31:32,336 [2821] INFO     mergify_engine.logs: [1m* REDIS_ACTIVE_USERS_WEB_MAX_CONNECTIONS: 50[0m
2023-10-21T14:31:34.4111834Z 2023-10-21 14:31:32,336 [2821] INFO     mergify_engine.logs: [1m* REDIS_AUTHENTICATION_WEB_MAX_CONNECTIONS: 50[0m
2023-10-21T14:31:34.4113085Z 2023-10-21 14:31:32,336 [2821] INFO     mergify_engine.logs: [1m* VERSION: dev[0m
2023-10-21T14:31:34.4114142Z 2023-10-21 14:31:32,336 [2821] INFO     mergify_engine.logs: [1m* SHA: unknown[0m
2023-10-21T14:31:34.4115457Z 2023-10-21 14:31:32,336 [2821] INFO     mergify_engine.logs: [1m* HEALTHCHECK_SHARED_TOKEN: None[0m
2023-10-21T14:31:34.4116934Z 2023-10-21 14:31:32,336 [2821] INFO     mergify_engine.logs: [1m* ALLOW_REQUIRE_BRANCH_PROTECTION_QUEUE_ATTRIBUTE: True[0m
2023-10-21T14:31:34.4121422Z 2023-10-21 14:31:32,336 [2821] INFO     mergify_engine.logs: [1m* PATH: /home/runner/.cache/pypoetry/virtualenvs/mergify-engine-cHHEL7M--py3.11/bin:/opt/hostedtoolcache/Python/3.11.4/x64/bin:/opt/hostedtoolcache/Python/3.11.4/x64:/home/runner/.local/bin:/opt/pipx_bin:/home/runner/.cargo/bin:/home/runner/.config/composer/vendor/bin:/usr/local/.ghcup/bin:/home/runner/.dotnet/tools:/snap/bin:/usr/local/sbin:/usr/local/bin:/usr/sbin:/usr/bin:/sbin:/bin:/usr/games:/usr/local/games:/snap/bin[0m
2023-10-21T14:31:34.4125613Z 2023-10-21 14:31:32,336 [2821] INFO     mergify_engine.logs: [1m##########################################################[0m
2023-10-21T14:31:34.4126615Z ============================= slowest 10 durations =============================
2023-10-21T14:31:34.4127694Z 6.36s call     mergify_engine/tests/functional/actions/test_queue.py::TestQueueAction::test_queue_ci_failure
2023-10-21T14:31:34.4129309Z 6.31s call     mergify_engine/tests/functional/api/test_partitions.py::TestPartitionsApi::test_partitions_endpoints_with_partition_rules
2023-10-21T14:31:34.4131082Z 6.31s call     mergify_engine/tests/functional/api/test_queue.py::TestQueueApi::test_estimated_time_of_merge_schedule_condition_non_match
2023-10-21T14:31:34.4132647Z 6.08s call     mergify_engine/tests/functional/actions/test_queue.py::TestQueueAction::test_basic_queue
2023-10-21T14:31:34.4134018Z 5.50s call     mergify_engine/tests/functional/commands/test_requeue.py::TestRequeueCommand::test_requeue
2023-10-21T14:31:34.4135585Z 4.71s call     mergify_engine/tests/functional/api/test_statistics.py::TestStatisticsEndpoints::test_time_to_merge_endpoint_normal
2023-10-21T14:31:34.4138545Z 4.41s call     mergify_engine/tests/functional/actions/test_queue_with_partition_rules.py::TestQueueWithPartitionRules::test_all_partitions_reset_when_manual_force_push_on_base_branch_without_pr_and_with_fallback_partition
2023-10-21T14:31:34.4140929Z 3.70s call     mergify_engine/tests/functional/actions/test_queue.py::TestQueueAction::test_unqueue_then_requeue_not_in_first_place_check_run
2023-10-21T14:31:34.4142761Z 3.68s setup    mergify_engine/tests/unit/front/test_proxy_engine.py::test_engine_proxy_update_queue_freeze[none-403]
2023-10-21T14:31:34.4144387Z 3.47s setup    mergify_engine/tests/functional/api/test_statistics.py::TestStatisticsEndpoints::test_time_to_merge_endpoint_normal
2023-10-21T14:31:34.4145605Z =========================== short test summary info ============================
2023-10-21T14:31:34.4147483Z FAILED mergify_engine/tests/unit/actions/test_request_reviews.py::test_random_reviewers_no_weight - voluptuous.error.MultipleInvalid: GitHub login contains invalid characters: jd @ data['users'][0]
2023-10-21T14:31:34.4150201Z FAILED mergify_engine/tests/unit/rules/test_types.py::test_github_team_ok[@foo/ba-r-foo-ba-r] - voluptuous.error.MultipleInvalid: GitHub organization contains invalid characters: foo
2023-10-21T14:31:34.4151868Z ========== 2 failed, 200 passed, 1822 deselected in 301.40s (0:05:01) ==========
2023-10-21T14:31:41.0663612Z ##[error]Process completed with exit code 1.
